<!DOCTYPE html>
<html>
  <head>
    <meta charset="utf-8"/>
    <title>report.html</title>
    <link href="assets/style.css" rel="stylesheet" type="text/css"/></head>
  <body onLoad="init()">
    <script>/* This Source Code Form is subject to the terms of the Mozilla Public
 * License, v. 2.0. If a copy of the MPL was not distributed with this file,
 * You can obtain one at http://mozilla.org/MPL/2.0/. */


function toArray(iter) {
    if (iter === null) {
        return null;
    }
    return Array.prototype.slice.call(iter);
}

function find(selector, elem) { // eslint-disable-line no-redeclare
    if (!elem) {
        elem = document;
    }
    return elem.querySelector(selector);
}

function findAll(selector, elem) {
    if (!elem) {
        elem = document;
    }
    return toArray(elem.querySelectorAll(selector));
}

function sortColumn(elem) {
    toggleSortStates(elem);
    const colIndex = toArray(elem.parentNode.childNodes).indexOf(elem);
    let key;
    if (elem.classList.contains('result')) {
        key = keyResult;
    } else if (elem.classList.contains('links')) {
        key = keyLink;
    } else {
        key = keyAlpha;
    }
    sortTable(elem, key(colIndex));
}

function showAllExtras() { // eslint-disable-line no-unused-vars
    findAll('.col-result').forEach(showExtras);
}

function hideAllExtras() { // eslint-disable-line no-unused-vars
    findAll('.col-result').forEach(hideExtras);
}

function showExtras(colresultElem) {
    const extras = colresultElem.parentNode.nextElementSibling;
    const expandcollapse = colresultElem.firstElementChild;
    extras.classList.remove('collapsed');
    expandcollapse.classList.remove('expander');
    expandcollapse.classList.add('collapser');
}

function hideExtras(colresultElem) {
    const extras = colresultElem.parentNode.nextElementSibling;
    const expandcollapse = colresultElem.firstElementChild;
    extras.classList.add('collapsed');
    expandcollapse.classList.remove('collapser');
    expandcollapse.classList.add('expander');
}

function showFilters() {
    let visibleString = getQueryParameter('visible') || 'all';
    visibleString = visibleString.toLowerCase();
    const checkedItems = visibleString.split(',');

    const filterItems = document.getElementsByClassName('filter');
    for (let i = 0; i < filterItems.length; i++) {
        filterItems[i].hidden = false;

        if (visibleString != 'all') {
            filterItems[i].checked = checkedItems.includes(filterItems[i].getAttribute('data-test-result'));
            filterTable(filterItems[i]);
        }
    }
}

function addCollapse() {
    // Add links for show/hide all
    const resulttable = find('table#results-table');
    const showhideall = document.createElement('p');
    showhideall.innerHTML = '<a href="javascript:showAllExtras()">Show all details</a> / ' +
                            '<a href="javascript:hideAllExtras()">Hide all details</a>';
    resulttable.parentElement.insertBefore(showhideall, resulttable);

    // Add show/hide link to each result
    findAll('.col-result').forEach(function(elem) {
        const collapsed = getQueryParameter('collapsed') || 'Passed';
        const extras = elem.parentNode.nextElementSibling;
        const expandcollapse = document.createElement('span');
        if (extras.classList.contains('collapsed')) {
            expandcollapse.classList.add('expander');
        } else if (collapsed.includes(elem.innerHTML)) {
            extras.classList.add('collapsed');
            expandcollapse.classList.add('expander');
        } else {
            expandcollapse.classList.add('collapser');
        }
        elem.appendChild(expandcollapse);

        elem.addEventListener('click', function(event) {
            if (event.currentTarget.parentNode.nextElementSibling.classList.contains('collapsed')) {
                showExtras(event.currentTarget);
            } else {
                hideExtras(event.currentTarget);
            }
        });
    });
}

function getQueryParameter(name) {
    const match = RegExp('[?&]' + name + '=([^&]*)').exec(window.location.search);
    return match && decodeURIComponent(match[1].replace(/\+/g, ' '));
}

function init () { // eslint-disable-line no-unused-vars
    resetSortHeaders();

    addCollapse();

    showFilters();

    sortColumn(find('.initial-sort'));

    findAll('.sortable').forEach(function(elem) {
        elem.addEventListener('click',
            function() {
                sortColumn(elem);
            }, false);
    });
}

function sortTable(clicked, keyFunc) {
    const rows = findAll('.results-table-row');
    const reversed = !clicked.classList.contains('asc');
    const sortedRows = sort(rows, keyFunc, reversed);
    /* Whole table is removed here because browsers acts much slower
     * when appending existing elements.
     */
    const thead = document.getElementById('results-table-head');
    document.getElementById('results-table').remove();
    const parent = document.createElement('table');
    parent.id = 'results-table';
    parent.appendChild(thead);
    sortedRows.forEach(function(elem) {
        parent.appendChild(elem);
    });
    document.getElementsByTagName('BODY')[0].appendChild(parent);
}

function sort(items, keyFunc, reversed) {
    const sortArray = items.map(function(item, i) {
        return [keyFunc(item), i];
    });

    sortArray.sort(function(a, b) {
        const keyA = a[0];
        const keyB = b[0];

        if (keyA == keyB) return 0;

        if (reversed) {
            return keyA < keyB ? 1 : -1;
        } else {
            return keyA > keyB ? 1 : -1;
        }
    });

    return sortArray.map(function(item) {
        const index = item[1];
        return items[index];
    });
}

function keyAlpha(colIndex) {
    return function(elem) {
        return elem.childNodes[1].childNodes[colIndex].firstChild.data.toLowerCase();
    };
}

function keyLink(colIndex) {
    return function(elem) {
        const dataCell = elem.childNodes[1].childNodes[colIndex].firstChild;
        return dataCell == null ? '' : dataCell.innerText.toLowerCase();
    };
}

function keyResult(colIndex) {
    return function(elem) {
        const strings = ['Error', 'Failed', 'Rerun', 'XFailed', 'XPassed',
            'Skipped', 'Passed'];
        return strings.indexOf(elem.childNodes[1].childNodes[colIndex].firstChild.data);
    };
}

function resetSortHeaders() {
    findAll('.sort-icon').forEach(function(elem) {
        elem.parentNode.removeChild(elem);
    });
    findAll('.sortable').forEach(function(elem) {
        const icon = document.createElement('div');
        icon.className = 'sort-icon';
        icon.textContent = 'vvv';
        elem.insertBefore(icon, elem.firstChild);
        elem.classList.remove('desc', 'active');
        elem.classList.add('asc', 'inactive');
    });
}

function toggleSortStates(elem) {
    //if active, toggle between asc and desc
    if (elem.classList.contains('active')) {
        elem.classList.toggle('asc');
        elem.classList.toggle('desc');
    }

    //if inactive, reset all other functions and add ascending active
    if (elem.classList.contains('inactive')) {
        resetSortHeaders();
        elem.classList.remove('inactive');
        elem.classList.add('active');
    }
}

function isAllRowsHidden(value) {
    return value.hidden == false;
}

function filterTable(elem) { // eslint-disable-line no-unused-vars
    const outcomeAtt = 'data-test-result';
    const outcome = elem.getAttribute(outcomeAtt);
    const classOutcome = outcome + ' results-table-row';
    const outcomeRows = document.getElementsByClassName(classOutcome);

    for(let i = 0; i < outcomeRows.length; i++){
        outcomeRows[i].hidden = !elem.checked;
    }

    const rows = findAll('.results-table-row').filter(isAllRowsHidden);
    const allRowsHidden = rows.length == 0 ? true : false;
    const notFoundMessage = document.getElementById('not-found-message');
    notFoundMessage.hidden = !allRowsHidden;
}
</script>
    <h1>report.html</h1>
    <p>Report generated on 14-Mar-2023 at 17:30:10 by <a href="https://pypi.python.org/pypi/pytest-html">pytest-html</a> v3.2.0</p>
    <h2>Environment</h2>
    <table id="environment">
      <tr>
        <td>Packages</td>
        <td>{"molecule": "4.0.4", "pluggy": "1.0.0", "pytest": "7.2.1"}</td></tr>
      <tr>
        <td>Platform</td>
        <td>Linux-5.15.0-67-generic-x86_64-with-glibc2.35</td></tr>
      <tr>
        <td>Plugins</td>
        <td>{"html": "3.2.0", "metadata": "2.0.4", "molecule": "2.0.0"}</td></tr>
      <tr>
        <td>Python</td>
        <td>3.10.6</td></tr>
      <tr>
        <td>Tools</td>
        <td>{"ansible": "2.14.2"}</td></tr>
      <tr>
        <td>env</td>
        <td>ANSIBLE_FORCE_COLOR=1 </td></tr></table>
    <h2>Summary</h2>
    <p>14 tests ran in 61.76 seconds. </p>
    <p class="filter" hidden="true">(Un)check the boxes to filter the results.</p><input checked="true" class="filter" data-test-result="passed" hidden="true" name="filter_checkbox" onChange="filterTable(this)" type="checkbox"/><span class="passed">14 passed</span>, <input checked="true" class="filter" data-test-result="skipped" disabled="true" hidden="true" name="filter_checkbox" onChange="filterTable(this)" type="checkbox"/><span class="skipped">0 skipped</span>, <input checked="true" class="filter" data-test-result="failed" disabled="true" hidden="true" name="filter_checkbox" onChange="filterTable(this)" type="checkbox"/><span class="failed">0 failed</span>, <input checked="true" class="filter" data-test-result="error" disabled="true" hidden="true" name="filter_checkbox" onChange="filterTable(this)" type="checkbox"/><span class="error">0 errors</span>, <input checked="true" class="filter" data-test-result="xfailed" disabled="true" hidden="true" name="filter_checkbox" onChange="filterTable(this)" type="checkbox"/><span class="xfailed">0 expected failures</span>, <input checked="true" class="filter" data-test-result="xpassed" disabled="true" hidden="true" name="filter_checkbox" onChange="filterTable(this)" type="checkbox"/><span class="xpassed">0 unexpected passes</span>
    <h2>Results</h2>
    <table id="results-table">
      <thead id="results-table-head">
        <tr>
          <th class="sortable result initial-sort" col="result">Result</th>
          <th class="sortable" col="name">Test</th>
          <th class="sortable" col="duration">Duration</th>
          <th class="sortable links" col="links">Links</th></tr>
        <tr hidden="true" id="not-found-message">
          <th colspan="4">No results found. Try to check the filters</th></tr></thead>
      <tbody class="passed results-table-row">
        <tr>
          <td class="col-result">Passed</td>
          <td class="col-name">molecule/bad_directory/molecule.yml::test</td>
          <td class="col-duration">6.49</td>
          <td class="col-links"></td></tr>
        <tr>
          <td class="extra" colspan="4">
            <div class="log"> ------------------------------Captured stdout call------------------------------ <br/>running: /home/eric/ansible/venv/bin/python3 -m molecule test -s bad_directory (from /home/eric/dev/oaps/oaps_prim_manage_tws_job)
INFO     bad_directory scenario test matrix: create, converge, verify
INFO     Performing prerun with role_name_check=0...
INFO     Set ANSIBLE_LIBRARY=/home/eric/.cache/ansible-compat/c353fd/modules:/home/eric/.ansible/plugins/modules:/usr/share/ansible/plugins/modules
INFO     Set ANSIBLE_COLLECTIONS_PATH=/home/eric/.cache/ansible-compat/c353fd/collections:/home/eric/.ansible/collections:/usr/share/ansible/collections
INFO     Set ANSIBLE_ROLES_PATH=/home/eric/.cache/ansible-compat/c353fd/roles:/home/eric/.ansible/roles:/usr/share/ansible/roles:/etc/ansible/roles
INFO     Using /home/eric/.cache/ansible-compat/c353fd/roles/oaps.oaps_prim_manage_tws_job symlink to current repository in order to enable Ansible to find the role using its expected full name.
INFO     Running bad_directory &gt; create
WARNING  Skipping, instances already created.
INFO     Running bad_directory &gt; converge

PLAY [Converge] ****************************************************************

TASK [Gathering Facts] *********************************************************
ok: [zowe_simul]

TASK [define zowe script vars - Must be defined in inventory or somewhere else] ***
ok: [zowe_simul]

TASK [Include oaps.oaps_prim_manage_tws_job] ***********************************

TASK [oaps.oaps_prim_manage_tws_job : Init values] *****************************
ok: [zowe_simul]

TASK [oaps.oaps_prim_manage_tws_job : Check all mandatory variables are defined] ***
ok: [zowe_simul] =&gt; {
    &quot;changed&quot;: false,
    &quot;msg&quot;: &quot;All assertions passed&quot;
}

TASK [oaps.oaps_prim_manage_tws_job : Evaluate status to send] *****************
ok: [zowe_simul]

TASK [oaps.oaps_prim_manage_tws_job : Display status] **************************
ok: [zowe_simul] =&gt; {
    &quot;tws_manage_status_param&quot;: &quot;R&quot;
}

TASK [oaps.oaps_prim_manage_tws_job : Launch script] ***************************
fatal: [zowe_simul]: FAILED! =&gt; {&quot;changed&quot;: false, &quot;cmd&quot;: &quot;./Zowe-TWS.sh AAAA ZERROR S806 8 2207131100 R&quot;, &quot;delta&quot;: null, &quot;end&quot;: null, &quot;msg&quot;: &quot;Unable to change directory before execution: [Errno 2] No such file or directory: b&#x27;/app/list/care_oaps/zowe/scripts/DEV/V1.00.01&#x27;&quot;, &quot;rc&quot;: null, &quot;start&quot;: null, &quot;stderr&quot;: &quot;&quot;, &quot;stderr_lines&quot;: [], &quot;stdout&quot;: &quot;&quot;, &quot;stdout_lines&quot;: []}
...ignoring

TASK [oaps.oaps_prim_manage_tws_job : debug] ***********************************
ok: [zowe_simul] =&gt; {
    &quot;tws_manage_result&quot;: {
        &quot;changed&quot;: false,
        &quot;cmd&quot;: &quot;./Zowe-TWS.sh AAAA ZERROR S806 8 2207131100 R&quot;,
        &quot;delta&quot;: null,
        &quot;end&quot;: null,
        &quot;failed&quot;: true,
        &quot;msg&quot;: &quot;Unable to change directory before execution: [Errno 2] No such file or directory: b&#x27;/app/list/care_oaps/zowe/scripts/DEV/V1.00.01&#x27;&quot;,
        &quot;rc&quot;: null,
        &quot;start&quot;: null,
        &quot;stderr&quot;: &quot;&quot;,
        &quot;stderr_lines&quot;: [],
        &quot;stdout&quot;: &quot;&quot;,
        &quot;stdout_lines&quot;: []
    }
}

TASK [oaps.oaps_prim_manage_tws_job : Set exit variables if script could not be launched] ***
ok: [zowe_simul]

TASK [Set results for verify] **************************************************
ok: [zowe_simul -&gt; localhost]

PLAY RECAP *********************************************************************
zowe_simul                 : ok=10   changed=0    unreachable=0    failed=0    skipped=0    rescued=0    ignored=1

INFO     Running bad_directory &gt; verify
INFO     Running Ansible Verifier

PLAY [Verify] ******************************************************************

TASK [Define expected results] *************************************************
ok: [localhost]

TASK [Analyse results] *********************************************************
ok: [localhost] =&gt; {
    &quot;changed&quot;: false,
    &quot;msg&quot;: &quot;op_exec_rc : 401 - op_short_msg : Erreur lors de l&#x27;exécution du script ./Zowe-TWS.sh : RC : None - msg : Unable to change directory before execution: [Errno 2] No such file or directory: b&#x27;/app/list/care_oaps/zowe/scripts/DEV/V1.00.01&#x27; - stderr :  - stdout : &quot;
}

PLAY RECAP *********************************************************************
localhost                  : ok=2    changed=0    unreachable=0    failed=0    skipped=0    rescued=0    ignored=0

INFO     Verifier completed successfully.
<br/></div></td></tr></tbody>
      <tbody class="passed results-table-row">
        <tr>
          <td class="col-result">Passed</td>
          <td class="col-name">molecule/bad_script_name/molecule.yml::test</td>
          <td class="col-duration">4.91</td>
          <td class="col-links"></td></tr>
        <tr>
          <td class="extra" colspan="4">
            <div class="log"> ------------------------------Captured stdout call------------------------------ <br/>running: /home/eric/ansible/venv/bin/python3 -m molecule test -s bad_script_name (from /home/eric/dev/oaps/oaps_prim_manage_tws_job)
INFO     bad_script_name scenario test matrix: create, converge, verify
INFO     Performing prerun with role_name_check=0...
INFO     Set ANSIBLE_LIBRARY=/home/eric/.cache/ansible-compat/c353fd/modules:/home/eric/.ansible/plugins/modules:/usr/share/ansible/plugins/modules
INFO     Set ANSIBLE_COLLECTIONS_PATH=/home/eric/.cache/ansible-compat/c353fd/collections:/home/eric/.ansible/collections:/usr/share/ansible/collections
INFO     Set ANSIBLE_ROLES_PATH=/home/eric/.cache/ansible-compat/c353fd/roles:/home/eric/.ansible/roles:/usr/share/ansible/roles:/etc/ansible/roles
INFO     Using /home/eric/.cache/ansible-compat/c353fd/roles/oaps.oaps_prim_manage_tws_job symlink to current repository in order to enable Ansible to find the role using its expected full name.
INFO     Running bad_script_name &gt; create
WARNING  Skipping, instances already created.
INFO     Running bad_script_name &gt; converge

PLAY [Converge] ****************************************************************

TASK [define zowe script vars - Must be defined in inventory or somewhere else] ***
ok: [zowe_simul]

TASK [Include oaps.oaps_prim_manage_tws_job] ***********************************

TASK [oaps.oaps_prim_manage_tws_job : Init values] *****************************
ok: [zowe_simul]

TASK [oaps.oaps_prim_manage_tws_job : Check all mandatory variables are defined] ***
ok: [zowe_simul] =&gt; {
    &quot;changed&quot;: false,
    &quot;msg&quot;: &quot;All assertions passed&quot;
}

TASK [oaps.oaps_prim_manage_tws_job : Evaluate status to send] *****************
ok: [zowe_simul]

TASK [oaps.oaps_prim_manage_tws_job : Display status] **************************
ok: [zowe_simul] =&gt; {
    &quot;tws_manage_status_param&quot;: &quot;R&quot;
}

TASK [oaps.oaps_prim_manage_tws_job : Launch script] ***************************
fatal: [zowe_simul]: FAILED! =&gt; {&quot;changed&quot;: true, &quot;cmd&quot;: &quot;./Zowe-TWS1.sh AAAA ZERROR S806 8 2207131100 R&quot;, &quot;delta&quot;: &quot;0:00:00.008124&quot;, &quot;end&quot;: &quot;2023-03-14 16:29:18.825006&quot;, &quot;msg&quot;: &quot;non-zero return code&quot;, &quot;rc&quot;: 127, &quot;start&quot;: &quot;2023-03-14 16:29:18.816882&quot;, &quot;stderr&quot;: &quot;/bin/sh: 1: ./Zowe-TWS1.sh: not found&quot;, &quot;stderr_lines&quot;: [&quot;/bin/sh: 1: ./Zowe-TWS1.sh: not found&quot;], &quot;stdout&quot;: &quot;&quot;, &quot;stdout_lines&quot;: []}
...ignoring

TASK [oaps.oaps_prim_manage_tws_job : debug] ***********************************
ok: [zowe_simul] =&gt; {
    &quot;tws_manage_result&quot;: {
        &quot;changed&quot;: true,
        &quot;cmd&quot;: &quot;./Zowe-TWS1.sh AAAA ZERROR S806 8 2207131100 R&quot;,
        &quot;delta&quot;: &quot;0:00:00.008124&quot;,
        &quot;end&quot;: &quot;2023-03-14 16:29:18.825006&quot;,
        &quot;failed&quot;: true,
        &quot;msg&quot;: &quot;non-zero return code&quot;,
        &quot;rc&quot;: 127,
        &quot;start&quot;: &quot;2023-03-14 16:29:18.816882&quot;,
        &quot;stderr&quot;: &quot;/bin/sh: 1: ./Zowe-TWS1.sh: not found&quot;,
        &quot;stderr_lines&quot;: [
            &quot;/bin/sh: 1: ./Zowe-TWS1.sh: not found&quot;
        ],
        &quot;stdout&quot;: &quot;&quot;,
        &quot;stdout_lines&quot;: []
    }
}

TASK [oaps.oaps_prim_manage_tws_job : Set exit variables if script could not be launched] ***
ok: [zowe_simul]

TASK [Set results for verify] **************************************************
ok: [zowe_simul -&gt; localhost]

PLAY RECAP *********************************************************************
zowe_simul                 : ok=9    changed=1    unreachable=0    failed=0    skipped=0    rescued=0    ignored=1

INFO     Running bad_script_name &gt; verify
INFO     Running Ansible Verifier

PLAY [Verify] ******************************************************************

TASK [Define expected results] *************************************************
ok: [localhost]

TASK [Analyse results] *********************************************************
ok: [localhost] =&gt; {
    &quot;changed&quot;: false,
    &quot;msg&quot;: &quot;op_exec_rc : 401 - op_short_msg : Erreur lors de l&#x27;exécution du script ./Zowe-TWS1.sh : RC : 127 - msg : non-zero return code - stderr : /bin/sh: 1: ./Zowe-TWS1.sh: not found - stdout : &quot;
}

PLAY RECAP *********************************************************************
localhost                  : ok=2    changed=0    unreachable=0    failed=0    skipped=0    rescued=0    ignored=0

INFO     Verifier completed successfully.
<br/></div></td></tr></tbody>
      <tbody class="passed results-table-row">
        <tr>
          <td class="col-result">Passed</td>
          <td class="col-name">molecule/bad_tws_manage_status/molecule.yml::test</td>
          <td class="col-duration">4.14</td>
          <td class="col-links"></td></tr>
        <tr>
          <td class="extra" colspan="4">
            <div class="log"> ------------------------------Captured stdout call------------------------------ <br/>running: /home/eric/ansible/venv/bin/python3 -m molecule test -s bad_tws_manage_status (from /home/eric/dev/oaps/oaps_prim_manage_tws_job)
INFO     bad_tws_manage_status scenario test matrix: create, converge, verify
INFO     Performing prerun with role_name_check=0...
INFO     Set ANSIBLE_LIBRARY=/home/eric/.cache/ansible-compat/c353fd/modules:/home/eric/.ansible/plugins/modules:/usr/share/ansible/plugins/modules
INFO     Set ANSIBLE_COLLECTIONS_PATH=/home/eric/.cache/ansible-compat/c353fd/collections:/home/eric/.ansible/collections:/usr/share/ansible/collections
INFO     Set ANSIBLE_ROLES_PATH=/home/eric/.cache/ansible-compat/c353fd/roles:/home/eric/.ansible/roles:/usr/share/ansible/roles:/etc/ansible/roles
INFO     Using /home/eric/.cache/ansible-compat/c353fd/roles/oaps.oaps_prim_manage_tws_job symlink to current repository in order to enable Ansible to find the role using its expected full name.
INFO     Running bad_tws_manage_status &gt; create
WARNING  Skipping, instances already created.
INFO     Running bad_tws_manage_status &gt; converge

PLAY [Converge] ****************************************************************

TASK [define zowe script vars - Must be defined in inventory or somewhere else] ***
ok: [zowe_simul]

TASK [Include oaps.oaps_prim_manage_tws_job] ***********************************

TASK [oaps.oaps_prim_manage_tws_job : Init values] *****************************
ok: [zowe_simul]

TASK [oaps.oaps_prim_manage_tws_job : Check all mandatory variables are defined] ***
fatal: [zowe_simul]: FAILED! =&gt; {
    &quot;assertion&quot;: &quot;tws_manage_status is defined and ( tws_manage_status == &#x27;RESTART&#x27; or tws_manage_status == &#x27;COMPLETE&#x27; )&quot;,
    &quot;changed&quot;: false,
    &quot;evaluated_to&quot;: false,
    &quot;msg&quot;: &quot;Assertion failed&quot;
}

TASK [oaps.oaps_prim_manage_tws_job : Display ansible_failed_result] ***********
ok: [zowe_simul] =&gt; {
    &quot;ansible_failed_result&quot;: {
        &quot;assertion&quot;: &quot;tws_manage_status is defined and ( tws_manage_status == &#x27;RESTART&#x27; or tws_manage_status == &#x27;COMPLETE&#x27; )&quot;,
        &quot;changed&quot;: false,
        &quot;evaluated_to&quot;: false,
        &quot;failed&quot;: true,
        &quot;msg&quot;: &quot;Assertion failed&quot;
    }
}

TASK [oaps.oaps_prim_manage_tws_job : Display ansible_failed_task] *************
ok: [zowe_simul] =&gt; {
    &quot;ansible_failed_task&quot;: {
        &quot;action&quot;: &quot;ansible.builtin.assert&quot;,
        &quot;any_errors_fatal&quot;: false,
        &quot;args&quot;: {
            &quot;that&quot;: [
                &quot;zowe_cmd_TWS_manage_var is defined&quot;,
                &quot;zowe_chdir_var is defined&quot;,
                &quot;tws_manage_caisse is defined&quot;,
                &quot;tws_manage_adid is defined&quot;,
                &quot;tws_manage_opc is defined&quot;,
                &quot;tws_manage_iat is defined&quot;,
                &quot;tws_manage_status is defined and ( tws_manage_status == &#x27;RESTART&#x27; or tws_manage_status == &#x27;COMPLETE&#x27; )&quot;,
                &quot;tws_manage_opno is defined&quot;
            ]
        },
        &quot;async&quot;: 0,
        &quot;async_val&quot;: 0,
        &quot;become&quot;: false,
        &quot;become_exe&quot;: null,
        &quot;become_flags&quot;: null,
        &quot;become_method&quot;: &quot;sudo&quot;,
        &quot;become_user&quot;: null,
        &quot;changed_when&quot;: [],
        &quot;check_mode&quot;: false,
        &quot;collections&quot;: [],
        &quot;connection&quot;: &quot;ssh&quot;,
        &quot;debugger&quot;: null,
        &quot;delay&quot;: 5,
        &quot;delegate_facts&quot;: null,
        &quot;delegate_to&quot;: null,
        &quot;diff&quot;: false,
        &quot;environment&quot;: [
            {}
        ],
        &quot;failed_when&quot;: [],
        &quot;finalized&quot;: true,
        &quot;ignore_errors&quot;: null,
        &quot;ignore_unreachable&quot;: null,
        &quot;loop&quot;: null,
        &quot;loop_control&quot;: {
            &quot;extended&quot;: null,
            &quot;extended_allitems&quot;: true,
            &quot;finalized&quot;: true,
            &quot;index_var&quot;: null,
            &quot;label&quot;: null,
            &quot;loop_var&quot;: &quot;item&quot;,
            &quot;pause&quot;: 0.0,
            &quot;squashed&quot;: false,
            &quot;uuid&quot;: &quot;ed5a359a-81d8-6e13-129c-00000000005a&quot;
        },
        &quot;loop_with&quot;: null,
        &quot;module_defaults&quot;: [],
        &quot;name&quot;: &quot;Check all mandatory variables are defined&quot;,
        &quot;no_log&quot;: null,
        &quot;notify&quot;: null,
        &quot;poll&quot;: 15,
        &quot;port&quot;: null,
        &quot;register&quot;: null,
        &quot;remote_user&quot;: null,
        &quot;retries&quot;: 3,
        &quot;run_once&quot;: null,
        &quot;squashed&quot;: true,
        &quot;tags&quot;: [],
        &quot;throttle&quot;: 0,
        &quot;timeout&quot;: 0,
        &quot;until&quot;: [],
        &quot;uuid&quot;: &quot;ed5a359a-81d8-6e13-129c-000000000028&quot;,
        &quot;vars&quot;: {},
        &quot;when&quot;: []
    }
}

TASK [oaps.oaps_prim_manage_tws_job : Exit because assertion error] ************
ok: [zowe_simul]

TASK [oaps.oaps_prim_manage_tws_job : Other error] *****************************
skipping: [zowe_simul]

TASK [Set results for verify] **************************************************
ok: [zowe_simul -&gt; localhost]

PLAY RECAP *********************************************************************
zowe_simul                 : ok=6    changed=0    unreachable=0    failed=0    skipped=1    rescued=1    ignored=0

INFO     Running bad_tws_manage_status &gt; verify
INFO     Running Ansible Verifier

PLAY [Verify] ******************************************************************

TASK [Define expected results] *************************************************
ok: [localhost]

TASK [Analyse results] *********************************************************
ok: [localhost] =&gt; {
    &quot;changed&quot;: false,
    &quot;msg&quot;: &quot;op_exec_rc : 400 - op_short_msg : Le rôle oaps_prim_manage_tws_job ne peut pas être lancé. Echec du test : tws_manage_status is defined and ( tws_manage_status == &#x27;RESTART&#x27; or tws_manage_status == &#x27;COMPLETE&#x27; )&quot;
}

PLAY RECAP *********************************************************************
localhost                  : ok=2    changed=0    unreachable=0    failed=0    skipped=0    rescued=0    ignored=0

INFO     Verifier completed successfully.
<br/></div></td></tr></tbody>
      <tbody class="passed results-table-row">
        <tr>
          <td class="col-result">Passed</td>
          <td class="col-name">molecule/default/molecule.yml::test</td>
          <td class="col-duration">4.81</td>
          <td class="col-links"></td></tr>
        <tr>
          <td class="extra" colspan="4">
            <div class="log"> ------------------------------Captured stdout call------------------------------ <br/>running: /home/eric/ansible/venv/bin/python3 -m molecule test -s default (from /home/eric/dev/oaps/oaps_prim_manage_tws_job)
INFO     default scenario test matrix: create, converge, verify
INFO     Performing prerun with role_name_check=0...
INFO     Set ANSIBLE_LIBRARY=/home/eric/.cache/ansible-compat/c353fd/modules:/home/eric/.ansible/plugins/modules:/usr/share/ansible/plugins/modules
INFO     Set ANSIBLE_COLLECTIONS_PATH=/home/eric/.cache/ansible-compat/c353fd/collections:/home/eric/.ansible/collections:/usr/share/ansible/collections
INFO     Set ANSIBLE_ROLES_PATH=/home/eric/.cache/ansible-compat/c353fd/roles:/home/eric/.ansible/roles:/usr/share/ansible/roles:/etc/ansible/roles
INFO     Using /home/eric/.cache/ansible-compat/c353fd/roles/oaps.oaps_prim_manage_tws_job symlink to current repository in order to enable Ansible to find the role using its expected full name.
INFO     Running default &gt; create
WARNING  Skipping, instances already created.
INFO     Running default &gt; converge

PLAY [Converge] ****************************************************************

TASK [define zowe script vars - Must be defined in inventory or somewhere else] ***
ok: [zowe_simul]

TASK [Include oaps.oaps_prim_manage_tws_job] ***********************************

TASK [oaps.oaps_prim_manage_tws_job : Init values] *****************************
ok: [zowe_simul]

TASK [oaps.oaps_prim_manage_tws_job : Check all mandatory variables are defined] ***
ok: [zowe_simul] =&gt; {
    &quot;changed&quot;: false,
    &quot;msg&quot;: &quot;All assertions passed&quot;
}

TASK [oaps.oaps_prim_manage_tws_job : Evaluate status to send] *****************
ok: [zowe_simul]

TASK [oaps.oaps_prim_manage_tws_job : Display status] **************************
ok: [zowe_simul] =&gt; {
    &quot;tws_manage_status_param&quot;: &quot;R&quot;
}

TASK [oaps.oaps_prim_manage_tws_job : Launch script] ***************************
changed: [zowe_simul]

TASK [oaps.oaps_prim_manage_tws_job : debug] ***********************************
ok: [zowe_simul] =&gt; {
    &quot;tws_manage_result&quot;: {
        &quot;changed&quot;: true,
        &quot;cmd&quot;: &quot;./Zowe-TWS.sh CCCC ZERROR S806 8 2207131100 R&quot;,
        &quot;delta&quot;: &quot;0:00:00.042342&quot;,
        &quot;end&quot;: &quot;2023-03-14 16:29:27.900309&quot;,
        &quot;failed&quot;: false,
        &quot;msg&quot;: &quot;&quot;,
        &quot;rc&quot;: 0,
        &quot;start&quot;: &quot;2023-03-14 16:29:27.857967&quot;,
        &quot;stderr&quot;: &quot;&quot;,
        &quot;stderr_lines&quot;: [],
        &quot;stdout&quot;: &quot;Exécution de la commande OK&quot;,
        &quot;stdout_lines&quot;: [
            &quot;Exécution de la commande OK&quot;
        ]
    }
}

TASK [oaps.oaps_prim_manage_tws_job : Set exit variables if script could not be launched] ***
skipping: [zowe_simul]

TASK [Set results for verify] **************************************************
ok: [zowe_simul -&gt; localhost]

PLAY RECAP *********************************************************************
zowe_simul                 : ok=8    changed=1    unreachable=0    failed=0    skipped=1    rescued=0    ignored=0

INFO     Running default &gt; verify
INFO     Running Ansible Verifier

PLAY [Verify] ******************************************************************

TASK [Define expected results] *************************************************
ok: [localhost]

TASK [Analyse results] *********************************************************
ok: [localhost] =&gt; {
    &quot;changed&quot;: false,
    &quot;msg&quot;: &quot;op_exec_rc : 0 - op_short_msg : &quot;
}

PLAY RECAP *********************************************************************
localhost                  : ok=2    changed=0    unreachable=0    failed=0    skipped=0    rescued=0    ignored=0

INFO     Verifier completed successfully.
<br/></div></td></tr></tbody>
      <tbody class="passed results-table-row">
        <tr>
          <td class="col-result">Passed</td>
          <td class="col-name">molecule/erreur_34/molecule.yml::test</td>
          <td class="col-duration">4.78</td>
          <td class="col-links"></td></tr>
        <tr>
          <td class="extra" colspan="4">
            <div class="log"> ------------------------------Captured stdout call------------------------------ <br/>running: /home/eric/ansible/venv/bin/python3 -m molecule test -s erreur_34 (from /home/eric/dev/oaps/oaps_prim_manage_tws_job)
INFO     erreur_34 scenario test matrix: create, converge, verify
INFO     Performing prerun with role_name_check=0...
INFO     Set ANSIBLE_LIBRARY=/home/eric/.cache/ansible-compat/c353fd/modules:/home/eric/.ansible/plugins/modules:/usr/share/ansible/plugins/modules
INFO     Set ANSIBLE_COLLECTIONS_PATH=/home/eric/.cache/ansible-compat/c353fd/collections:/home/eric/.ansible/collections:/usr/share/ansible/collections
INFO     Set ANSIBLE_ROLES_PATH=/home/eric/.cache/ansible-compat/c353fd/roles:/home/eric/.ansible/roles:/usr/share/ansible/roles:/etc/ansible/roles
INFO     Using /home/eric/.cache/ansible-compat/c353fd/roles/oaps.oaps_prim_manage_tws_job symlink to current repository in order to enable Ansible to find the role using its expected full name.
INFO     Running erreur_34 &gt; create
WARNING  Skipping, instances already created.
INFO     Running erreur_34 &gt; converge

PLAY [Converge] ****************************************************************

TASK [define zowe script vars - Must be defined in inventory or somewhere else] ***
ok: [zowe_simul]

TASK [Include oaps.oaps_prim_manage_tws_job] ***********************************

TASK [oaps.oaps_prim_manage_tws_job : Init values] *****************************
ok: [zowe_simul]

TASK [oaps.oaps_prim_manage_tws_job : Check all mandatory variables are defined] ***
ok: [zowe_simul] =&gt; {
    &quot;changed&quot;: false,
    &quot;msg&quot;: &quot;All assertions passed&quot;
}

TASK [oaps.oaps_prim_manage_tws_job : Evaluate status to send] *****************
ok: [zowe_simul]

TASK [oaps.oaps_prim_manage_tws_job : Display status] **************************
ok: [zowe_simul] =&gt; {
    &quot;tws_manage_status_param&quot;: &quot;R&quot;
}

TASK [oaps.oaps_prim_manage_tws_job : Launch script] ***************************
fatal: [zowe_simul]: FAILED! =&gt; {&quot;changed&quot;: true, &quot;cmd&quot;: &quot;./Zowe-TWS.sh AAAA ZERROR S806 8 2207131100 R&quot;, &quot;delta&quot;: &quot;0:00:00.036729&quot;, &quot;end&quot;: &quot;2023-03-14 16:29:32.611274&quot;, &quot;msg&quot;: &quot;non-zero return code&quot;, &quot;rc&quot;: 34, &quot;start&quot;: &quot;2023-03-14 16:29:32.574545&quot;, &quot;stderr&quot;: &quot;&quot;, &quot;stderr_lines&quot;: [], &quot;stdout&quot;: &quot;La création du PDS n&#x27;est pas effective\nErreur code : 34&quot;, &quot;stdout_lines&quot;: [&quot;La création du PDS n&#x27;est pas effective&quot;, &quot;Erreur code : 34&quot;]}
...ignoring

TASK [oaps.oaps_prim_manage_tws_job : debug] ***********************************
ok: [zowe_simul] =&gt; {
    &quot;tws_manage_result&quot;: {
        &quot;changed&quot;: true,
        &quot;cmd&quot;: &quot;./Zowe-TWS.sh AAAA ZERROR S806 8 2207131100 R&quot;,
        &quot;delta&quot;: &quot;0:00:00.036729&quot;,
        &quot;end&quot;: &quot;2023-03-14 16:29:32.611274&quot;,
        &quot;failed&quot;: true,
        &quot;msg&quot;: &quot;non-zero return code&quot;,
        &quot;rc&quot;: 34,
        &quot;start&quot;: &quot;2023-03-14 16:29:32.574545&quot;,
        &quot;stderr&quot;: &quot;&quot;,
        &quot;stderr_lines&quot;: [],
        &quot;stdout&quot;: &quot;La création du PDS n&#x27;est pas effective\nErreur code : 34&quot;,
        &quot;stdout_lines&quot;: [
            &quot;La création du PDS n&#x27;est pas effective&quot;,
            &quot;Erreur code : 34&quot;
        ]
    }
}

TASK [oaps.oaps_prim_manage_tws_job : Set exit variables if script could not be launched] ***
ok: [zowe_simul]

TASK [Set results for verify] **************************************************
ok: [zowe_simul -&gt; localhost]

PLAY RECAP *********************************************************************
zowe_simul                 : ok=9    changed=1    unreachable=0    failed=0    skipped=0    rescued=0    ignored=1

INFO     Running erreur_34 &gt; verify
INFO     Running Ansible Verifier

PLAY [Verify] ******************************************************************

TASK [Define expected results] *************************************************
ok: [localhost]

TASK [Analyse results] *********************************************************
ok: [localhost] =&gt; {
    &quot;changed&quot;: false,
    &quot;msg&quot;: &quot;op_exec_rc : 401 - op_short_msg : Erreur lors de l&#x27;exécution du script ./Zowe-TWS.sh : RC : 34 - msg : non-zero return code - stderr :  - stdout : La création du PDS n&#x27;est pas effective\nErreur code : 34&quot;
}

PLAY RECAP *********************************************************************
localhost                  : ok=2    changed=0    unreachable=0    failed=0    skipped=0    rescued=0    ignored=0

INFO     Verifier completed successfully.
<br/></div></td></tr></tbody>
      <tbody class="passed results-table-row">
        <tr>
          <td class="col-result">Passed</td>
          <td class="col-name">molecule/erreur_35/molecule.yml::test</td>
          <td class="col-duration">4.79</td>
          <td class="col-links"></td></tr>
        <tr>
          <td class="extra" colspan="4">
            <div class="log"> ------------------------------Captured stdout call------------------------------ <br/>running: /home/eric/ansible/venv/bin/python3 -m molecule test -s erreur_35 (from /home/eric/dev/oaps/oaps_prim_manage_tws_job)
INFO     erreur_35 scenario test matrix: create, converge, verify
INFO     Performing prerun with role_name_check=0...
INFO     Set ANSIBLE_LIBRARY=/home/eric/.cache/ansible-compat/c353fd/modules:/home/eric/.ansible/plugins/modules:/usr/share/ansible/plugins/modules
INFO     Set ANSIBLE_COLLECTIONS_PATH=/home/eric/.cache/ansible-compat/c353fd/collections:/home/eric/.ansible/collections:/usr/share/ansible/collections
INFO     Set ANSIBLE_ROLES_PATH=/home/eric/.cache/ansible-compat/c353fd/roles:/home/eric/.ansible/roles:/usr/share/ansible/roles:/etc/ansible/roles
INFO     Using /home/eric/.cache/ansible-compat/c353fd/roles/oaps.oaps_prim_manage_tws_job symlink to current repository in order to enable Ansible to find the role using its expected full name.
INFO     Running erreur_35 &gt; create
WARNING  Skipping, instances already created.
INFO     Running erreur_35 &gt; converge

PLAY [Converge] ****************************************************************

TASK [define zowe script vars - Must be defined in inventory or somewhere else] ***
ok: [zowe_simul]

TASK [Include oaps.oaps_prim_manage_tws_job] ***********************************

TASK [oaps.oaps_prim_manage_tws_job : Init values] *****************************
ok: [zowe_simul]

TASK [oaps.oaps_prim_manage_tws_job : Check all mandatory variables are defined] ***
ok: [zowe_simul] =&gt; {
    &quot;changed&quot;: false,
    &quot;msg&quot;: &quot;All assertions passed&quot;
}

TASK [oaps.oaps_prim_manage_tws_job : Evaluate status to send] *****************
ok: [zowe_simul]

TASK [oaps.oaps_prim_manage_tws_job : Display status] **************************
ok: [zowe_simul] =&gt; {
    &quot;tws_manage_status_param&quot;: &quot;R&quot;
}

TASK [oaps.oaps_prim_manage_tws_job : Launch script] ***************************
fatal: [zowe_simul]: FAILED! =&gt; {&quot;changed&quot;: true, &quot;cmd&quot;: &quot;./Zowe-TWS.sh BBBB ZERROR S806 8 2207131100 R&quot;, &quot;delta&quot;: &quot;0:00:00.036332&quot;, &quot;end&quot;: &quot;2023-03-14 16:29:37.421674&quot;, &quot;msg&quot;: &quot;non-zero return code&quot;, &quot;rc&quot;: 35, &quot;start&quot;: &quot;2023-03-14 16:29:37.385342&quot;, &quot;stderr&quot;: &quot;&quot;, &quot;stderr_lines&quot;: [], &quot;stdout&quot;: &quot;Pas de sysout pour le JOB\nErreur code : 35&quot;, &quot;stdout_lines&quot;: [&quot;Pas de sysout pour le JOB&quot;, &quot;Erreur code : 35&quot;]}
...ignoring

TASK [oaps.oaps_prim_manage_tws_job : debug] ***********************************
ok: [zowe_simul] =&gt; {
    &quot;tws_manage_result&quot;: {
        &quot;changed&quot;: true,
        &quot;cmd&quot;: &quot;./Zowe-TWS.sh BBBB ZERROR S806 8 2207131100 R&quot;,
        &quot;delta&quot;: &quot;0:00:00.036332&quot;,
        &quot;end&quot;: &quot;2023-03-14 16:29:37.421674&quot;,
        &quot;failed&quot;: true,
        &quot;msg&quot;: &quot;non-zero return code&quot;,
        &quot;rc&quot;: 35,
        &quot;start&quot;: &quot;2023-03-14 16:29:37.385342&quot;,
        &quot;stderr&quot;: &quot;&quot;,
        &quot;stderr_lines&quot;: [],
        &quot;stdout&quot;: &quot;Pas de sysout pour le JOB\nErreur code : 35&quot;,
        &quot;stdout_lines&quot;: [
            &quot;Pas de sysout pour le JOB&quot;,
            &quot;Erreur code : 35&quot;
        ]
    }
}

TASK [oaps.oaps_prim_manage_tws_job : Set exit variables if script could not be launched] ***
ok: [zowe_simul]

TASK [Set results for verify] **************************************************
ok: [zowe_simul -&gt; localhost]

PLAY RECAP *********************************************************************
zowe_simul                 : ok=9    changed=1    unreachable=0    failed=0    skipped=0    rescued=0    ignored=1

INFO     Running erreur_35 &gt; verify
INFO     Running Ansible Verifier

PLAY [Verify] ******************************************************************

TASK [Define expected results] *************************************************
ok: [localhost]

TASK [Analyse results] *********************************************************
ok: [localhost] =&gt; {
    &quot;changed&quot;: false,
    &quot;msg&quot;: &quot;op_exec_rc : 401 - op_short_msg : Erreur lors de l&#x27;exécution du script ./Zowe-TWS.sh : RC : 35 - msg : non-zero return code - stderr :  - stdout : Pas de sysout pour le JOB\nErreur code : 35&quot;
}

PLAY RECAP *********************************************************************
localhost                  : ok=2    changed=0    unreachable=0    failed=0    skipped=0    rescued=0    ignored=0

INFO     Verifier completed successfully.
<br/></div></td></tr></tbody>
      <tbody class="passed results-table-row">
        <tr>
          <td class="col-result">Passed</td>
          <td class="col-name">molecule/undefined_tws_manage_adid/molecule.yml::test</td>
          <td class="col-duration">3.92</td>
          <td class="col-links"></td></tr>
        <tr>
          <td class="extra" colspan="4">
            <div class="log"> ------------------------------Captured stdout call------------------------------ <br/>running: /home/eric/ansible/venv/bin/python3 -m molecule test -s undefined_tws_manage_adid (from /home/eric/dev/oaps/oaps_prim_manage_tws_job)
INFO     undefined_tws_manage_adid scenario test matrix: create, converge, verify
INFO     Performing prerun with role_name_check=0...
INFO     Set ANSIBLE_LIBRARY=/home/eric/.cache/ansible-compat/c353fd/modules:/home/eric/.ansible/plugins/modules:/usr/share/ansible/plugins/modules
INFO     Set ANSIBLE_COLLECTIONS_PATH=/home/eric/.cache/ansible-compat/c353fd/collections:/home/eric/.ansible/collections:/usr/share/ansible/collections
INFO     Set ANSIBLE_ROLES_PATH=/home/eric/.cache/ansible-compat/c353fd/roles:/home/eric/.ansible/roles:/usr/share/ansible/roles:/etc/ansible/roles
INFO     Using /home/eric/.cache/ansible-compat/c353fd/roles/oaps.oaps_prim_manage_tws_job symlink to current repository in order to enable Ansible to find the role using its expected full name.
INFO     Running undefined_tws_manage_adid &gt; create
WARNING  Skipping, instances already created.
INFO     Running undefined_tws_manage_adid &gt; converge

PLAY [Converge] ****************************************************************

TASK [define zowe script vars - Must be defined in inventory or somewhere else] ***
ok: [zowe_simul]

TASK [Include oaps.oaps_prim_manage_tws_job] ***********************************

TASK [oaps.oaps_prim_manage_tws_job : Init values] *****************************
ok: [zowe_simul]

TASK [oaps.oaps_prim_manage_tws_job : Check all mandatory variables are defined] ***
fatal: [zowe_simul]: FAILED! =&gt; {
    &quot;assertion&quot;: &quot;tws_manage_adid is defined&quot;,
    &quot;changed&quot;: false,
    &quot;evaluated_to&quot;: false,
    &quot;msg&quot;: &quot;Assertion failed&quot;
}

TASK [oaps.oaps_prim_manage_tws_job : Display ansible_failed_result] ***********
ok: [zowe_simul] =&gt; {
    &quot;ansible_failed_result&quot;: {
        &quot;assertion&quot;: &quot;tws_manage_adid is defined&quot;,
        &quot;changed&quot;: false,
        &quot;evaluated_to&quot;: false,
        &quot;failed&quot;: true,
        &quot;msg&quot;: &quot;Assertion failed&quot;
    }
}

TASK [oaps.oaps_prim_manage_tws_job : Display ansible_failed_task] *************
ok: [zowe_simul] =&gt; {
    &quot;ansible_failed_task&quot;: {
        &quot;action&quot;: &quot;ansible.builtin.assert&quot;,
        &quot;any_errors_fatal&quot;: false,
        &quot;args&quot;: {
            &quot;that&quot;: [
                &quot;zowe_cmd_TWS_manage_var is defined&quot;,
                &quot;zowe_chdir_var is defined&quot;,
                &quot;tws_manage_caisse is defined&quot;,
                &quot;tws_manage_adid is defined&quot;,
                &quot;tws_manage_opc is defined&quot;,
                &quot;tws_manage_iat is defined&quot;,
                &quot;tws_manage_status is defined and ( tws_manage_status == &#x27;RESTART&#x27; or tws_manage_status == &#x27;COMPLETE&#x27; )&quot;,
                &quot;tws_manage_opno is defined&quot;
            ]
        },
        &quot;async&quot;: 0,
        &quot;async_val&quot;: 0,
        &quot;become&quot;: false,
        &quot;become_exe&quot;: null,
        &quot;become_flags&quot;: null,
        &quot;become_method&quot;: &quot;sudo&quot;,
        &quot;become_user&quot;: null,
        &quot;changed_when&quot;: [],
        &quot;check_mode&quot;: false,
        &quot;collections&quot;: [],
        &quot;connection&quot;: &quot;ssh&quot;,
        &quot;debugger&quot;: null,
        &quot;delay&quot;: 5,
        &quot;delegate_facts&quot;: null,
        &quot;delegate_to&quot;: null,
        &quot;diff&quot;: false,
        &quot;environment&quot;: [
            {}
        ],
        &quot;failed_when&quot;: [],
        &quot;finalized&quot;: true,
        &quot;ignore_errors&quot;: null,
        &quot;ignore_unreachable&quot;: null,
        &quot;loop&quot;: null,
        &quot;loop_control&quot;: {
            &quot;extended&quot;: null,
            &quot;extended_allitems&quot;: true,
            &quot;finalized&quot;: true,
            &quot;index_var&quot;: null,
            &quot;label&quot;: null,
            &quot;loop_var&quot;: &quot;item&quot;,
            &quot;pause&quot;: 0.0,
            &quot;squashed&quot;: false,
            &quot;uuid&quot;: &quot;ed5a359a-81d8-e057-73c0-00000000005a&quot;
        },
        &quot;loop_with&quot;: null,
        &quot;module_defaults&quot;: [],
        &quot;name&quot;: &quot;Check all mandatory variables are defined&quot;,
        &quot;no_log&quot;: null,
        &quot;notify&quot;: null,
        &quot;poll&quot;: 15,
        &quot;port&quot;: null,
        &quot;register&quot;: null,
        &quot;remote_user&quot;: null,
        &quot;retries&quot;: 3,
        &quot;run_once&quot;: null,
        &quot;squashed&quot;: true,
        &quot;tags&quot;: [],
        &quot;throttle&quot;: 0,
        &quot;timeout&quot;: 0,
        &quot;until&quot;: [],
        &quot;uuid&quot;: &quot;ed5a359a-81d8-e057-73c0-000000000028&quot;,
        &quot;vars&quot;: {},
        &quot;when&quot;: []
    }
}

TASK [oaps.oaps_prim_manage_tws_job : Exit because assertion error] ************
ok: [zowe_simul]

TASK [oaps.oaps_prim_manage_tws_job : Other error] *****************************
skipping: [zowe_simul]

TASK [Set results for verify] **************************************************
ok: [zowe_simul -&gt; localhost]

PLAY RECAP *********************************************************************
zowe_simul                 : ok=6    changed=0    unreachable=0    failed=0    skipped=1    rescued=1    ignored=0

INFO     Running undefined_tws_manage_adid &gt; verify
INFO     Running Ansible Verifier

PLAY [Verify] ******************************************************************

TASK [Define expected results] *************************************************
ok: [localhost]

TASK [Analyse results] *********************************************************
ok: [localhost] =&gt; {
    &quot;changed&quot;: false,
    &quot;msg&quot;: &quot;op_exec_rc : 400 - op_short_msg : Le rôle oaps_prim_manage_tws_job ne peut pas être lancé. Echec du test : tws_manage_adid is defined&quot;
}

PLAY RECAP *********************************************************************
localhost                  : ok=2    changed=0    unreachable=0    failed=0    skipped=0    rescued=0    ignored=0

INFO     Verifier completed successfully.
<br/></div></td></tr></tbody>
      <tbody class="passed results-table-row">
        <tr>
          <td class="col-result">Passed</td>
          <td class="col-name">molecule/undefined_tws_manage_caisse/molecule.yml::test</td>
          <td class="col-duration">3.95</td>
          <td class="col-links"></td></tr>
        <tr>
          <td class="extra" colspan="4">
            <div class="log"> ------------------------------Captured stdout call------------------------------ <br/>running: /home/eric/ansible/venv/bin/python3 -m molecule test -s undefined_tws_manage_caisse (from /home/eric/dev/oaps/oaps_prim_manage_tws_job)
INFO     undefined_tws_manage_caisse scenario test matrix: create, converge, verify
INFO     Performing prerun with role_name_check=0...
INFO     Set ANSIBLE_LIBRARY=/home/eric/.cache/ansible-compat/c353fd/modules:/home/eric/.ansible/plugins/modules:/usr/share/ansible/plugins/modules
INFO     Set ANSIBLE_COLLECTIONS_PATH=/home/eric/.cache/ansible-compat/c353fd/collections:/home/eric/.ansible/collections:/usr/share/ansible/collections
INFO     Set ANSIBLE_ROLES_PATH=/home/eric/.cache/ansible-compat/c353fd/roles:/home/eric/.ansible/roles:/usr/share/ansible/roles:/etc/ansible/roles
INFO     Using /home/eric/.cache/ansible-compat/c353fd/roles/oaps.oaps_prim_manage_tws_job symlink to current repository in order to enable Ansible to find the role using its expected full name.
INFO     Running undefined_tws_manage_caisse &gt; create
WARNING  Skipping, instances already created.
INFO     Running undefined_tws_manage_caisse &gt; converge

PLAY [Converge] ****************************************************************

TASK [define zowe script vars - Must be defined in inventory or somewhere else] ***
ok: [zowe_simul]

TASK [Include oaps.oaps_prim_manage_tws_job] ***********************************

TASK [oaps.oaps_prim_manage_tws_job : Init values] *****************************
ok: [zowe_simul]

TASK [oaps.oaps_prim_manage_tws_job : Check all mandatory variables are defined] ***
fatal: [zowe_simul]: FAILED! =&gt; {
    &quot;assertion&quot;: &quot;tws_manage_caisse is defined&quot;,
    &quot;changed&quot;: false,
    &quot;evaluated_to&quot;: false,
    &quot;msg&quot;: &quot;Assertion failed&quot;
}

TASK [oaps.oaps_prim_manage_tws_job : Display ansible_failed_result] ***********
ok: [zowe_simul] =&gt; {
    &quot;ansible_failed_result&quot;: {
        &quot;assertion&quot;: &quot;tws_manage_caisse is defined&quot;,
        &quot;changed&quot;: false,
        &quot;evaluated_to&quot;: false,
        &quot;failed&quot;: true,
        &quot;msg&quot;: &quot;Assertion failed&quot;
    }
}

TASK [oaps.oaps_prim_manage_tws_job : Display ansible_failed_task] *************
ok: [zowe_simul] =&gt; {
    &quot;ansible_failed_task&quot;: {
        &quot;action&quot;: &quot;ansible.builtin.assert&quot;,
        &quot;any_errors_fatal&quot;: false,
        &quot;args&quot;: {
            &quot;that&quot;: [
                &quot;zowe_cmd_TWS_manage_var is defined&quot;,
                &quot;zowe_chdir_var is defined&quot;,
                &quot;tws_manage_caisse is defined&quot;,
                &quot;tws_manage_adid is defined&quot;,
                &quot;tws_manage_opc is defined&quot;,
                &quot;tws_manage_iat is defined&quot;,
                &quot;tws_manage_status is defined and ( tws_manage_status == &#x27;RESTART&#x27; or tws_manage_status == &#x27;COMPLETE&#x27; )&quot;,
                &quot;tws_manage_opno is defined&quot;
            ]
        },
        &quot;async&quot;: 0,
        &quot;async_val&quot;: 0,
        &quot;become&quot;: false,
        &quot;become_exe&quot;: null,
        &quot;become_flags&quot;: null,
        &quot;become_method&quot;: &quot;sudo&quot;,
        &quot;become_user&quot;: null,
        &quot;changed_when&quot;: [],
        &quot;check_mode&quot;: false,
        &quot;collections&quot;: [],
        &quot;connection&quot;: &quot;ssh&quot;,
        &quot;debugger&quot;: null,
        &quot;delay&quot;: 5,
        &quot;delegate_facts&quot;: null,
        &quot;delegate_to&quot;: null,
        &quot;diff&quot;: false,
        &quot;environment&quot;: [
            {}
        ],
        &quot;failed_when&quot;: [],
        &quot;finalized&quot;: true,
        &quot;ignore_errors&quot;: null,
        &quot;ignore_unreachable&quot;: null,
        &quot;loop&quot;: null,
        &quot;loop_control&quot;: {
            &quot;extended&quot;: null,
            &quot;extended_allitems&quot;: true,
            &quot;finalized&quot;: true,
            &quot;index_var&quot;: null,
            &quot;label&quot;: null,
            &quot;loop_var&quot;: &quot;item&quot;,
            &quot;pause&quot;: 0.0,
            &quot;squashed&quot;: false,
            &quot;uuid&quot;: &quot;ed5a359a-81d8-0d34-d963-00000000005a&quot;
        },
        &quot;loop_with&quot;: null,
        &quot;module_defaults&quot;: [],
        &quot;name&quot;: &quot;Check all mandatory variables are defined&quot;,
        &quot;no_log&quot;: null,
        &quot;notify&quot;: null,
        &quot;poll&quot;: 15,
        &quot;port&quot;: null,
        &quot;register&quot;: null,
        &quot;remote_user&quot;: null,
        &quot;retries&quot;: 3,
        &quot;run_once&quot;: null,
        &quot;squashed&quot;: true,
        &quot;tags&quot;: [],
        &quot;throttle&quot;: 0,
        &quot;timeout&quot;: 0,
        &quot;until&quot;: [],
        &quot;uuid&quot;: &quot;ed5a359a-81d8-0d34-d963-000000000028&quot;,
        &quot;vars&quot;: {},
        &quot;when&quot;: []
    }
}

TASK [oaps.oaps_prim_manage_tws_job : Exit because assertion error] ************
ok: [zowe_simul]

TASK [oaps.oaps_prim_manage_tws_job : Other error] *****************************
skipping: [zowe_simul]

TASK [Set results for verify] **************************************************
ok: [zowe_simul -&gt; localhost]

PLAY RECAP *********************************************************************
zowe_simul                 : ok=6    changed=0    unreachable=0    failed=0    skipped=1    rescued=1    ignored=0

INFO     Running undefined_tws_manage_caisse &gt; verify
INFO     Running Ansible Verifier

PLAY [Verify] ******************************************************************

TASK [Define expected results] *************************************************
ok: [localhost]

TASK [Analyse results] *********************************************************
ok: [localhost] =&gt; {
    &quot;changed&quot;: false,
    &quot;msg&quot;: &quot;op_exec_rc : 400 - op_short_msg : Le rôle oaps_prim_manage_tws_job ne peut pas être lancé. Echec du test : tws_manage_caisse is defined&quot;
}

PLAY RECAP *********************************************************************
localhost                  : ok=2    changed=0    unreachable=0    failed=0    skipped=0    rescued=0    ignored=0

INFO     Verifier completed successfully.
<br/></div></td></tr></tbody>
      <tbody class="passed results-table-row">
        <tr>
          <td class="col-result">Passed</td>
          <td class="col-name">molecule/undefined_tws_manage_iat/molecule.yml::test</td>
          <td class="col-duration">3.92</td>
          <td class="col-links"></td></tr>
        <tr>
          <td class="extra" colspan="4">
            <div class="log"> ------------------------------Captured stdout call------------------------------ <br/>running: /home/eric/ansible/venv/bin/python3 -m molecule test -s undefined_tws_manage_iat (from /home/eric/dev/oaps/oaps_prim_manage_tws_job)
INFO     undefined_tws_manage_iat scenario test matrix: create, converge, verify
INFO     Performing prerun with role_name_check=0...
INFO     Set ANSIBLE_LIBRARY=/home/eric/.cache/ansible-compat/c353fd/modules:/home/eric/.ansible/plugins/modules:/usr/share/ansible/plugins/modules
INFO     Set ANSIBLE_COLLECTIONS_PATH=/home/eric/.cache/ansible-compat/c353fd/collections:/home/eric/.ansible/collections:/usr/share/ansible/collections
INFO     Set ANSIBLE_ROLES_PATH=/home/eric/.cache/ansible-compat/c353fd/roles:/home/eric/.ansible/roles:/usr/share/ansible/roles:/etc/ansible/roles
INFO     Using /home/eric/.cache/ansible-compat/c353fd/roles/oaps.oaps_prim_manage_tws_job symlink to current repository in order to enable Ansible to find the role using its expected full name.
INFO     Running undefined_tws_manage_iat &gt; create
WARNING  Skipping, instances already created.
INFO     Running undefined_tws_manage_iat &gt; converge

PLAY [Converge] ****************************************************************

TASK [define zowe script vars - Must be defined in inventory or somewhere else] ***
ok: [zowe_simul]

TASK [Include oaps.oaps_prim_manage_tws_job] ***********************************

TASK [oaps.oaps_prim_manage_tws_job : Init values] *****************************
ok: [zowe_simul]

TASK [oaps.oaps_prim_manage_tws_job : Check all mandatory variables are defined] ***
fatal: [zowe_simul]: FAILED! =&gt; {
    &quot;assertion&quot;: &quot;tws_manage_iat is defined&quot;,
    &quot;changed&quot;: false,
    &quot;evaluated_to&quot;: false,
    &quot;msg&quot;: &quot;Assertion failed&quot;
}

TASK [oaps.oaps_prim_manage_tws_job : Display ansible_failed_result] ***********
ok: [zowe_simul] =&gt; {
    &quot;ansible_failed_result&quot;: {
        &quot;assertion&quot;: &quot;tws_manage_iat is defined&quot;,
        &quot;changed&quot;: false,
        &quot;evaluated_to&quot;: false,
        &quot;failed&quot;: true,
        &quot;msg&quot;: &quot;Assertion failed&quot;
    }
}

TASK [oaps.oaps_prim_manage_tws_job : Display ansible_failed_task] *************
ok: [zowe_simul] =&gt; {
    &quot;ansible_failed_task&quot;: {
        &quot;action&quot;: &quot;ansible.builtin.assert&quot;,
        &quot;any_errors_fatal&quot;: false,
        &quot;args&quot;: {
            &quot;that&quot;: [
                &quot;zowe_cmd_TWS_manage_var is defined&quot;,
                &quot;zowe_chdir_var is defined&quot;,
                &quot;tws_manage_caisse is defined&quot;,
                &quot;tws_manage_adid is defined&quot;,
                &quot;tws_manage_opc is defined&quot;,
                &quot;tws_manage_iat is defined&quot;,
                &quot;tws_manage_status is defined and ( tws_manage_status == &#x27;RESTART&#x27; or tws_manage_status == &#x27;COMPLETE&#x27; )&quot;,
                &quot;tws_manage_opno is defined&quot;
            ]
        },
        &quot;async&quot;: 0,
        &quot;async_val&quot;: 0,
        &quot;become&quot;: false,
        &quot;become_exe&quot;: null,
        &quot;become_flags&quot;: null,
        &quot;become_method&quot;: &quot;sudo&quot;,
        &quot;become_user&quot;: null,
        &quot;changed_when&quot;: [],
        &quot;check_mode&quot;: false,
        &quot;collections&quot;: [],
        &quot;connection&quot;: &quot;ssh&quot;,
        &quot;debugger&quot;: null,
        &quot;delay&quot;: 5,
        &quot;delegate_facts&quot;: null,
        &quot;delegate_to&quot;: null,
        &quot;diff&quot;: false,
        &quot;environment&quot;: [
            {}
        ],
        &quot;failed_when&quot;: [],
        &quot;finalized&quot;: true,
        &quot;ignore_errors&quot;: null,
        &quot;ignore_unreachable&quot;: null,
        &quot;loop&quot;: null,
        &quot;loop_control&quot;: {
            &quot;extended&quot;: null,
            &quot;extended_allitems&quot;: true,
            &quot;finalized&quot;: true,
            &quot;index_var&quot;: null,
            &quot;label&quot;: null,
            &quot;loop_var&quot;: &quot;item&quot;,
            &quot;pause&quot;: 0.0,
            &quot;squashed&quot;: false,
            &quot;uuid&quot;: &quot;ed5a359a-81d8-fb42-b094-00000000005a&quot;
        },
        &quot;loop_with&quot;: null,
        &quot;module_defaults&quot;: [],
        &quot;name&quot;: &quot;Check all mandatory variables are defined&quot;,
        &quot;no_log&quot;: null,
        &quot;notify&quot;: null,
        &quot;poll&quot;: 15,
        &quot;port&quot;: null,
        &quot;register&quot;: null,
        &quot;remote_user&quot;: null,
        &quot;retries&quot;: 3,
        &quot;run_once&quot;: null,
        &quot;squashed&quot;: true,
        &quot;tags&quot;: [],
        &quot;throttle&quot;: 0,
        &quot;timeout&quot;: 0,
        &quot;until&quot;: [],
        &quot;uuid&quot;: &quot;ed5a359a-81d8-fb42-b094-000000000028&quot;,
        &quot;vars&quot;: {},
        &quot;when&quot;: []
    }
}

TASK [oaps.oaps_prim_manage_tws_job : Exit because assertion error] ************
ok: [zowe_simul]

TASK [oaps.oaps_prim_manage_tws_job : Other error] *****************************
skipping: [zowe_simul]

TASK [Set results for verify] **************************************************
ok: [zowe_simul -&gt; localhost]

PLAY RECAP *********************************************************************
zowe_simul                 : ok=6    changed=0    unreachable=0    failed=0    skipped=1    rescued=1    ignored=0

INFO     Running undefined_tws_manage_iat &gt; verify
INFO     Running Ansible Verifier

PLAY [Verify] ******************************************************************

TASK [Define expected results] *************************************************
ok: [localhost]

TASK [Analyse results] *********************************************************
ok: [localhost] =&gt; {
    &quot;changed&quot;: false,
    &quot;msg&quot;: &quot;op_exec_rc : 400 - op_short_msg : Le rôle oaps_prim_manage_tws_job ne peut pas être lancé. Echec du test : tws_manage_iat is defined&quot;
}

PLAY RECAP *********************************************************************
localhost                  : ok=2    changed=0    unreachable=0    failed=0    skipped=0    rescued=0    ignored=0

INFO     Verifier completed successfully.
<br/></div></td></tr></tbody>
      <tbody class="passed results-table-row">
        <tr>
          <td class="col-result">Passed</td>
          <td class="col-name">molecule/undefined_tws_manage_opc/molecule.yml::test</td>
          <td class="col-duration">3.88</td>
          <td class="col-links"></td></tr>
        <tr>
          <td class="extra" colspan="4">
            <div class="log"> ------------------------------Captured stdout call------------------------------ <br/>running: /home/eric/ansible/venv/bin/python3 -m molecule test -s undefined_tws_manage_opc (from /home/eric/dev/oaps/oaps_prim_manage_tws_job)
INFO     undefined_tws_manage_opc scenario test matrix: create, converge, verify
INFO     Performing prerun with role_name_check=0...
INFO     Set ANSIBLE_LIBRARY=/home/eric/.cache/ansible-compat/c353fd/modules:/home/eric/.ansible/plugins/modules:/usr/share/ansible/plugins/modules
INFO     Set ANSIBLE_COLLECTIONS_PATH=/home/eric/.cache/ansible-compat/c353fd/collections:/home/eric/.ansible/collections:/usr/share/ansible/collections
INFO     Set ANSIBLE_ROLES_PATH=/home/eric/.cache/ansible-compat/c353fd/roles:/home/eric/.ansible/roles:/usr/share/ansible/roles:/etc/ansible/roles
INFO     Using /home/eric/.cache/ansible-compat/c353fd/roles/oaps.oaps_prim_manage_tws_job symlink to current repository in order to enable Ansible to find the role using its expected full name.
INFO     Running undefined_tws_manage_opc &gt; create
WARNING  Skipping, instances already created.
INFO     Running undefined_tws_manage_opc &gt; converge

PLAY [Converge] ****************************************************************

TASK [define zowe script vars - Must be defined in inventory or somewhere else] ***
ok: [zowe_simul]

TASK [Include oaps.oaps_prim_manage_tws_job] ***********************************

TASK [oaps.oaps_prim_manage_tws_job : Init values] *****************************
ok: [zowe_simul]

TASK [oaps.oaps_prim_manage_tws_job : Check all mandatory variables are defined] ***
fatal: [zowe_simul]: FAILED! =&gt; {
    &quot;assertion&quot;: &quot;tws_manage_opc is defined&quot;,
    &quot;changed&quot;: false,
    &quot;evaluated_to&quot;: false,
    &quot;msg&quot;: &quot;Assertion failed&quot;
}

TASK [oaps.oaps_prim_manage_tws_job : Display ansible_failed_result] ***********
ok: [zowe_simul] =&gt; {
    &quot;ansible_failed_result&quot;: {
        &quot;assertion&quot;: &quot;tws_manage_opc is defined&quot;,
        &quot;changed&quot;: false,
        &quot;evaluated_to&quot;: false,
        &quot;failed&quot;: true,
        &quot;msg&quot;: &quot;Assertion failed&quot;
    }
}

TASK [oaps.oaps_prim_manage_tws_job : Display ansible_failed_task] *************
ok: [zowe_simul] =&gt; {
    &quot;ansible_failed_task&quot;: {
        &quot;action&quot;: &quot;ansible.builtin.assert&quot;,
        &quot;any_errors_fatal&quot;: false,
        &quot;args&quot;: {
            &quot;that&quot;: [
                &quot;zowe_cmd_TWS_manage_var is defined&quot;,
                &quot;zowe_chdir_var is defined&quot;,
                &quot;tws_manage_caisse is defined&quot;,
                &quot;tws_manage_adid is defined&quot;,
                &quot;tws_manage_opc is defined&quot;,
                &quot;tws_manage_iat is defined&quot;,
                &quot;tws_manage_status is defined and ( tws_manage_status == &#x27;RESTART&#x27; or tws_manage_status == &#x27;COMPLETE&#x27; )&quot;,
                &quot;tws_manage_opno is defined&quot;
            ]
        },
        &quot;async&quot;: 0,
        &quot;async_val&quot;: 0,
        &quot;become&quot;: false,
        &quot;become_exe&quot;: null,
        &quot;become_flags&quot;: null,
        &quot;become_method&quot;: &quot;sudo&quot;,
        &quot;become_user&quot;: null,
        &quot;changed_when&quot;: [],
        &quot;check_mode&quot;: false,
        &quot;collections&quot;: [],
        &quot;connection&quot;: &quot;ssh&quot;,
        &quot;debugger&quot;: null,
        &quot;delay&quot;: 5,
        &quot;delegate_facts&quot;: null,
        &quot;delegate_to&quot;: null,
        &quot;diff&quot;: false,
        &quot;environment&quot;: [
            {}
        ],
        &quot;failed_when&quot;: [],
        &quot;finalized&quot;: true,
        &quot;ignore_errors&quot;: null,
        &quot;ignore_unreachable&quot;: null,
        &quot;loop&quot;: null,
        &quot;loop_control&quot;: {
            &quot;extended&quot;: null,
            &quot;extended_allitems&quot;: true,
            &quot;finalized&quot;: true,
            &quot;index_var&quot;: null,
            &quot;label&quot;: null,
            &quot;loop_var&quot;: &quot;item&quot;,
            &quot;pause&quot;: 0.0,
            &quot;squashed&quot;: false,
            &quot;uuid&quot;: &quot;ed5a359a-81d8-a27d-5c67-00000000005a&quot;
        },
        &quot;loop_with&quot;: null,
        &quot;module_defaults&quot;: [],
        &quot;name&quot;: &quot;Check all mandatory variables are defined&quot;,
        &quot;no_log&quot;: null,
        &quot;notify&quot;: null,
        &quot;poll&quot;: 15,
        &quot;port&quot;: null,
        &quot;register&quot;: null,
        &quot;remote_user&quot;: null,
        &quot;retries&quot;: 3,
        &quot;run_once&quot;: null,
        &quot;squashed&quot;: true,
        &quot;tags&quot;: [],
        &quot;throttle&quot;: 0,
        &quot;timeout&quot;: 0,
        &quot;until&quot;: [],
        &quot;uuid&quot;: &quot;ed5a359a-81d8-a27d-5c67-000000000028&quot;,
        &quot;vars&quot;: {},
        &quot;when&quot;: []
    }
}

TASK [oaps.oaps_prim_manage_tws_job : Exit because assertion error] ************
ok: [zowe_simul]

TASK [oaps.oaps_prim_manage_tws_job : Other error] *****************************
skipping: [zowe_simul]

TASK [Set results for verify] **************************************************
ok: [zowe_simul -&gt; localhost]

PLAY RECAP *********************************************************************
zowe_simul                 : ok=6    changed=0    unreachable=0    failed=0    skipped=1    rescued=1    ignored=0

INFO     Running undefined_tws_manage_opc &gt; verify
INFO     Running Ansible Verifier

PLAY [Verify] ******************************************************************

TASK [Define expected results] *************************************************
ok: [localhost]

TASK [Analyse results] *********************************************************
ok: [localhost] =&gt; {
    &quot;changed&quot;: false,
    &quot;msg&quot;: &quot;op_exec_rc : 400 - op_short_msg : Le rôle oaps_prim_manage_tws_job ne peut pas être lancé. Echec du test : tws_manage_opc is defined&quot;
}

PLAY RECAP *********************************************************************
localhost                  : ok=2    changed=0    unreachable=0    failed=0    skipped=0    rescued=0    ignored=0

INFO     Verifier completed successfully.
<br/></div></td></tr></tbody>
      <tbody class="passed results-table-row">
        <tr>
          <td class="col-result">Passed</td>
          <td class="col-name">molecule/undefined_tws_manage_opno/molecule.yml::test</td>
          <td class="col-duration">3.98</td>
          <td class="col-links"></td></tr>
        <tr>
          <td class="extra" colspan="4">
            <div class="log"> ------------------------------Captured stdout call------------------------------ <br/>running: /home/eric/ansible/venv/bin/python3 -m molecule test -s undefined_tws_manage_opno (from /home/eric/dev/oaps/oaps_prim_manage_tws_job)
INFO     undefined_tws_manage_opno scenario test matrix: create, converge, verify
INFO     Performing prerun with role_name_check=0...
INFO     Set ANSIBLE_LIBRARY=/home/eric/.cache/ansible-compat/c353fd/modules:/home/eric/.ansible/plugins/modules:/usr/share/ansible/plugins/modules
INFO     Set ANSIBLE_COLLECTIONS_PATH=/home/eric/.cache/ansible-compat/c353fd/collections:/home/eric/.ansible/collections:/usr/share/ansible/collections
INFO     Set ANSIBLE_ROLES_PATH=/home/eric/.cache/ansible-compat/c353fd/roles:/home/eric/.ansible/roles:/usr/share/ansible/roles:/etc/ansible/roles
INFO     Using /home/eric/.cache/ansible-compat/c353fd/roles/oaps.oaps_prim_manage_tws_job symlink to current repository in order to enable Ansible to find the role using its expected full name.
INFO     Running undefined_tws_manage_opno &gt; create
WARNING  Skipping, instances already created.
INFO     Running undefined_tws_manage_opno &gt; converge

PLAY [Converge] ****************************************************************

TASK [define zowe script vars - Must be defined in inventory or somewhere else] ***
ok: [zowe_simul]

TASK [Include oaps.oaps_prim_manage_tws_job] ***********************************

TASK [oaps.oaps_prim_manage_tws_job : Init values] *****************************
ok: [zowe_simul]

TASK [oaps.oaps_prim_manage_tws_job : Check all mandatory variables are defined] ***
fatal: [zowe_simul]: FAILED! =&gt; {
    &quot;assertion&quot;: &quot;tws_manage_opno is defined&quot;,
    &quot;changed&quot;: false,
    &quot;evaluated_to&quot;: false,
    &quot;msg&quot;: &quot;Assertion failed&quot;
}

TASK [oaps.oaps_prim_manage_tws_job : Display ansible_failed_result] ***********
ok: [zowe_simul] =&gt; {
    &quot;ansible_failed_result&quot;: {
        &quot;assertion&quot;: &quot;tws_manage_opno is defined&quot;,
        &quot;changed&quot;: false,
        &quot;evaluated_to&quot;: false,
        &quot;failed&quot;: true,
        &quot;msg&quot;: &quot;Assertion failed&quot;
    }
}

TASK [oaps.oaps_prim_manage_tws_job : Display ansible_failed_task] *************
ok: [zowe_simul] =&gt; {
    &quot;ansible_failed_task&quot;: {
        &quot;action&quot;: &quot;ansible.builtin.assert&quot;,
        &quot;any_errors_fatal&quot;: false,
        &quot;args&quot;: {
            &quot;that&quot;: [
                &quot;zowe_cmd_TWS_manage_var is defined&quot;,
                &quot;zowe_chdir_var is defined&quot;,
                &quot;tws_manage_caisse is defined&quot;,
                &quot;tws_manage_adid is defined&quot;,
                &quot;tws_manage_opc is defined&quot;,
                &quot;tws_manage_iat is defined&quot;,
                &quot;tws_manage_status is defined and ( tws_manage_status == &#x27;RESTART&#x27; or tws_manage_status == &#x27;COMPLETE&#x27; )&quot;,
                &quot;tws_manage_opno is defined&quot;
            ]
        },
        &quot;async&quot;: 0,
        &quot;async_val&quot;: 0,
        &quot;become&quot;: false,
        &quot;become_exe&quot;: null,
        &quot;become_flags&quot;: null,
        &quot;become_method&quot;: &quot;sudo&quot;,
        &quot;become_user&quot;: null,
        &quot;changed_when&quot;: [],
        &quot;check_mode&quot;: false,
        &quot;collections&quot;: [],
        &quot;connection&quot;: &quot;ssh&quot;,
        &quot;debugger&quot;: null,
        &quot;delay&quot;: 5,
        &quot;delegate_facts&quot;: null,
        &quot;delegate_to&quot;: null,
        &quot;diff&quot;: false,
        &quot;environment&quot;: [
            {}
        ],
        &quot;failed_when&quot;: [],
        &quot;finalized&quot;: true,
        &quot;ignore_errors&quot;: null,
        &quot;ignore_unreachable&quot;: null,
        &quot;loop&quot;: null,
        &quot;loop_control&quot;: {
            &quot;extended&quot;: null,
            &quot;extended_allitems&quot;: true,
            &quot;finalized&quot;: true,
            &quot;index_var&quot;: null,
            &quot;label&quot;: null,
            &quot;loop_var&quot;: &quot;item&quot;,
            &quot;pause&quot;: 0.0,
            &quot;squashed&quot;: false,
            &quot;uuid&quot;: &quot;ed5a359a-81d8-90fe-05ab-00000000005a&quot;
        },
        &quot;loop_with&quot;: null,
        &quot;module_defaults&quot;: [],
        &quot;name&quot;: &quot;Check all mandatory variables are defined&quot;,
        &quot;no_log&quot;: null,
        &quot;notify&quot;: null,
        &quot;poll&quot;: 15,
        &quot;port&quot;: null,
        &quot;register&quot;: null,
        &quot;remote_user&quot;: null,
        &quot;retries&quot;: 3,
        &quot;run_once&quot;: null,
        &quot;squashed&quot;: true,
        &quot;tags&quot;: [],
        &quot;throttle&quot;: 0,
        &quot;timeout&quot;: 0,
        &quot;until&quot;: [],
        &quot;uuid&quot;: &quot;ed5a359a-81d8-90fe-05ab-000000000028&quot;,
        &quot;vars&quot;: {},
        &quot;when&quot;: []
    }
}

TASK [oaps.oaps_prim_manage_tws_job : Exit because assertion error] ************
ok: [zowe_simul]

TASK [oaps.oaps_prim_manage_tws_job : Other error] *****************************
skipping: [zowe_simul]

TASK [Set results for verify] **************************************************
ok: [zowe_simul -&gt; localhost]

PLAY RECAP *********************************************************************
zowe_simul                 : ok=6    changed=0    unreachable=0    failed=0    skipped=1    rescued=1    ignored=0

INFO     Running undefined_tws_manage_opno &gt; verify
INFO     Running Ansible Verifier

PLAY [Verify] ******************************************************************

TASK [Define expected results] *************************************************
ok: [localhost]

TASK [Analyse results] *********************************************************
ok: [localhost] =&gt; {
    &quot;changed&quot;: false,
    &quot;msg&quot;: &quot;op_exec_rc : 400 - op_short_msg : Le rôle oaps_prim_manage_tws_job ne peut pas être lancé. Echec du test : tws_manage_opno is defined&quot;
}

PLAY RECAP *********************************************************************
localhost                  : ok=2    changed=0    unreachable=0    failed=0    skipped=0    rescued=0    ignored=0

INFO     Verifier completed successfully.
<br/></div></td></tr></tbody>
      <tbody class="passed results-table-row">
        <tr>
          <td class="col-result">Passed</td>
          <td class="col-name">molecule/undefined_tws_manage_status/molecule.yml::test</td>
          <td class="col-duration">4.18</td>
          <td class="col-links"></td></tr>
        <tr>
          <td class="extra" colspan="4">
            <div class="log"> ------------------------------Captured stdout call------------------------------ <br/>running: /home/eric/ansible/venv/bin/python3 -m molecule test -s undefined_tws_manage_status (from /home/eric/dev/oaps/oaps_prim_manage_tws_job)
INFO     undefined_tws_manage_status scenario test matrix: create, converge, verify
INFO     Performing prerun with role_name_check=0...
INFO     Set ANSIBLE_LIBRARY=/home/eric/.cache/ansible-compat/c353fd/modules:/home/eric/.ansible/plugins/modules:/usr/share/ansible/plugins/modules
INFO     Set ANSIBLE_COLLECTIONS_PATH=/home/eric/.cache/ansible-compat/c353fd/collections:/home/eric/.ansible/collections:/usr/share/ansible/collections
INFO     Set ANSIBLE_ROLES_PATH=/home/eric/.cache/ansible-compat/c353fd/roles:/home/eric/.ansible/roles:/usr/share/ansible/roles:/etc/ansible/roles
INFO     Using /home/eric/.cache/ansible-compat/c353fd/roles/oaps.oaps_prim_manage_tws_job symlink to current repository in order to enable Ansible to find the role using its expected full name.
INFO     Running undefined_tws_manage_status &gt; create
WARNING  Skipping, instances already created.
INFO     Running undefined_tws_manage_status &gt; converge

PLAY [Converge] ****************************************************************

TASK [define zowe script vars - Must be defined in inventory or somewhere else] ***
ok: [zowe_simul]

TASK [Include oaps.oaps_prim_manage_tws_job] ***********************************

TASK [oaps.oaps_prim_manage_tws_job : Init values] *****************************
ok: [zowe_simul]

TASK [oaps.oaps_prim_manage_tws_job : Check all mandatory variables are defined] ***
fatal: [zowe_simul]: FAILED! =&gt; {
    &quot;assertion&quot;: &quot;tws_manage_status is defined and ( tws_manage_status == &#x27;RESTART&#x27; or tws_manage_status == &#x27;COMPLETE&#x27; )&quot;,
    &quot;changed&quot;: false,
    &quot;evaluated_to&quot;: false,
    &quot;msg&quot;: &quot;Assertion failed&quot;
}

TASK [oaps.oaps_prim_manage_tws_job : Display ansible_failed_result] ***********
ok: [zowe_simul] =&gt; {
    &quot;ansible_failed_result&quot;: {
        &quot;assertion&quot;: &quot;tws_manage_status is defined and ( tws_manage_status == &#x27;RESTART&#x27; or tws_manage_status == &#x27;COMPLETE&#x27; )&quot;,
        &quot;changed&quot;: false,
        &quot;evaluated_to&quot;: false,
        &quot;failed&quot;: true,
        &quot;msg&quot;: &quot;Assertion failed&quot;
    }
}

TASK [oaps.oaps_prim_manage_tws_job : Display ansible_failed_task] *************
ok: [zowe_simul] =&gt; {
    &quot;ansible_failed_task&quot;: {
        &quot;action&quot;: &quot;ansible.builtin.assert&quot;,
        &quot;any_errors_fatal&quot;: false,
        &quot;args&quot;: {
            &quot;that&quot;: [
                &quot;zowe_cmd_TWS_manage_var is defined&quot;,
                &quot;zowe_chdir_var is defined&quot;,
                &quot;tws_manage_caisse is defined&quot;,
                &quot;tws_manage_adid is defined&quot;,
                &quot;tws_manage_opc is defined&quot;,
                &quot;tws_manage_iat is defined&quot;,
                &quot;tws_manage_status is defined and ( tws_manage_status == &#x27;RESTART&#x27; or tws_manage_status == &#x27;COMPLETE&#x27; )&quot;,
                &quot;tws_manage_opno is defined&quot;
            ]
        },
        &quot;async&quot;: 0,
        &quot;async_val&quot;: 0,
        &quot;become&quot;: false,
        &quot;become_exe&quot;: null,
        &quot;become_flags&quot;: null,
        &quot;become_method&quot;: &quot;sudo&quot;,
        &quot;become_user&quot;: null,
        &quot;changed_when&quot;: [],
        &quot;check_mode&quot;: false,
        &quot;collections&quot;: [],
        &quot;connection&quot;: &quot;ssh&quot;,
        &quot;debugger&quot;: null,
        &quot;delay&quot;: 5,
        &quot;delegate_facts&quot;: null,
        &quot;delegate_to&quot;: null,
        &quot;diff&quot;: false,
        &quot;environment&quot;: [
            {}
        ],
        &quot;failed_when&quot;: [],
        &quot;finalized&quot;: true,
        &quot;ignore_errors&quot;: null,
        &quot;ignore_unreachable&quot;: null,
        &quot;loop&quot;: null,
        &quot;loop_control&quot;: {
            &quot;extended&quot;: null,
            &quot;extended_allitems&quot;: true,
            &quot;finalized&quot;: true,
            &quot;index_var&quot;: null,
            &quot;label&quot;: null,
            &quot;loop_var&quot;: &quot;item&quot;,
            &quot;pause&quot;: 0.0,
            &quot;squashed&quot;: false,
            &quot;uuid&quot;: &quot;ed5a359a-81d8-c828-c066-00000000005a&quot;
        },
        &quot;loop_with&quot;: null,
        &quot;module_defaults&quot;: [],
        &quot;name&quot;: &quot;Check all mandatory variables are defined&quot;,
        &quot;no_log&quot;: null,
        &quot;notify&quot;: null,
        &quot;poll&quot;: 15,
        &quot;port&quot;: null,
        &quot;register&quot;: null,
        &quot;remote_user&quot;: null,
        &quot;retries&quot;: 3,
        &quot;run_once&quot;: null,
        &quot;squashed&quot;: true,
        &quot;tags&quot;: [],
        &quot;throttle&quot;: 0,
        &quot;timeout&quot;: 0,
        &quot;until&quot;: [],
        &quot;uuid&quot;: &quot;ed5a359a-81d8-c828-c066-000000000028&quot;,
        &quot;vars&quot;: {},
        &quot;when&quot;: []
    }
}

TASK [oaps.oaps_prim_manage_tws_job : Exit because assertion error] ************
ok: [zowe_simul]

TASK [oaps.oaps_prim_manage_tws_job : Other error] *****************************
skipping: [zowe_simul]

TASK [Set results for verify] **************************************************
ok: [zowe_simul -&gt; localhost]

PLAY RECAP *********************************************************************
zowe_simul                 : ok=6    changed=0    unreachable=0    failed=0    skipped=1    rescued=1    ignored=0

INFO     Running undefined_tws_manage_status &gt; verify
INFO     Running Ansible Verifier

PLAY [Verify] ******************************************************************

TASK [Define expected results] *************************************************
ok: [localhost]

TASK [Analyse results] *********************************************************
ok: [localhost] =&gt; {
    &quot;changed&quot;: false,
    &quot;msg&quot;: &quot;op_exec_rc : 400 - op_short_msg : Le rôle oaps_prim_manage_tws_job ne peut pas être lancé. Echec du test : tws_manage_status is defined and ( tws_manage_status == &#x27;RESTART&#x27; or tws_manage_status == &#x27;COMPLETE&#x27; )&quot;
}

PLAY RECAP *********************************************************************
localhost                  : ok=2    changed=0    unreachable=0    failed=0    skipped=0    rescued=0    ignored=0

INFO     Verifier completed successfully.
<br/></div></td></tr></tbody>
      <tbody class="passed results-table-row">
        <tr>
          <td class="col-result">Passed</td>
          <td class="col-name">molecule/undefined_zowe_chdir_var/molecule.yml::test</td>
          <td class="col-duration">3.98</td>
          <td class="col-links"></td></tr>
        <tr>
          <td class="extra" colspan="4">
            <div class="log"> ------------------------------Captured stdout call------------------------------ <br/>running: /home/eric/ansible/venv/bin/python3 -m molecule test -s undefined_zowe_chdir_var (from /home/eric/dev/oaps/oaps_prim_manage_tws_job)
INFO     undefined_zowe_chdir_var scenario test matrix: create, converge, verify
INFO     Performing prerun with role_name_check=0...
INFO     Set ANSIBLE_LIBRARY=/home/eric/.cache/ansible-compat/c353fd/modules:/home/eric/.ansible/plugins/modules:/usr/share/ansible/plugins/modules
INFO     Set ANSIBLE_COLLECTIONS_PATH=/home/eric/.cache/ansible-compat/c353fd/collections:/home/eric/.ansible/collections:/usr/share/ansible/collections
INFO     Set ANSIBLE_ROLES_PATH=/home/eric/.cache/ansible-compat/c353fd/roles:/home/eric/.ansible/roles:/usr/share/ansible/roles:/etc/ansible/roles
INFO     Using /home/eric/.cache/ansible-compat/c353fd/roles/oaps.oaps_prim_manage_tws_job symlink to current repository in order to enable Ansible to find the role using its expected full name.
INFO     Running undefined_zowe_chdir_var &gt; create
WARNING  Skipping, instances already created.
INFO     Running undefined_zowe_chdir_var &gt; converge

PLAY [Converge] ****************************************************************

TASK [define zowe script vars - Must be defined in inventory or somewhere else] ***
ok: [zowe_simul]

TASK [Include oaps.oaps_prim_manage_tws_job] ***********************************

TASK [oaps.oaps_prim_manage_tws_job : Init values] *****************************
ok: [zowe_simul]

TASK [oaps.oaps_prim_manage_tws_job : Check all mandatory variables are defined] ***
fatal: [zowe_simul]: FAILED! =&gt; {
    &quot;assertion&quot;: &quot;zowe_chdir_var is defined&quot;,
    &quot;changed&quot;: false,
    &quot;evaluated_to&quot;: false,
    &quot;msg&quot;: &quot;Assertion failed&quot;
}

TASK [oaps.oaps_prim_manage_tws_job : Display ansible_failed_result] ***********
ok: [zowe_simul] =&gt; {
    &quot;ansible_failed_result&quot;: {
        &quot;assertion&quot;: &quot;zowe_chdir_var is defined&quot;,
        &quot;changed&quot;: false,
        &quot;evaluated_to&quot;: false,
        &quot;failed&quot;: true,
        &quot;msg&quot;: &quot;Assertion failed&quot;
    }
}

TASK [oaps.oaps_prim_manage_tws_job : Display ansible_failed_task] *************
ok: [zowe_simul] =&gt; {
    &quot;ansible_failed_task&quot;: {
        &quot;action&quot;: &quot;ansible.builtin.assert&quot;,
        &quot;any_errors_fatal&quot;: false,
        &quot;args&quot;: {
            &quot;that&quot;: [
                &quot;zowe_cmd_TWS_manage_var is defined&quot;,
                &quot;zowe_chdir_var is defined&quot;,
                &quot;tws_manage_caisse is defined&quot;,
                &quot;tws_manage_adid is defined&quot;,
                &quot;tws_manage_opc is defined&quot;,
                &quot;tws_manage_iat is defined&quot;,
                &quot;tws_manage_status is defined and ( tws_manage_status == &#x27;RESTART&#x27; or tws_manage_status == &#x27;COMPLETE&#x27; )&quot;,
                &quot;tws_manage_opno is defined&quot;
            ]
        },
        &quot;async&quot;: 0,
        &quot;async_val&quot;: 0,
        &quot;become&quot;: false,
        &quot;become_exe&quot;: null,
        &quot;become_flags&quot;: null,
        &quot;become_method&quot;: &quot;sudo&quot;,
        &quot;become_user&quot;: null,
        &quot;changed_when&quot;: [],
        &quot;check_mode&quot;: false,
        &quot;collections&quot;: [],
        &quot;connection&quot;: &quot;ssh&quot;,
        &quot;debugger&quot;: null,
        &quot;delay&quot;: 5,
        &quot;delegate_facts&quot;: null,
        &quot;delegate_to&quot;: null,
        &quot;diff&quot;: false,
        &quot;environment&quot;: [
            {}
        ],
        &quot;failed_when&quot;: [],
        &quot;finalized&quot;: true,
        &quot;ignore_errors&quot;: null,
        &quot;ignore_unreachable&quot;: null,
        &quot;loop&quot;: null,
        &quot;loop_control&quot;: {
            &quot;extended&quot;: null,
            &quot;extended_allitems&quot;: true,
            &quot;finalized&quot;: true,
            &quot;index_var&quot;: null,
            &quot;label&quot;: null,
            &quot;loop_var&quot;: &quot;item&quot;,
            &quot;pause&quot;: 0.0,
            &quot;squashed&quot;: false,
            &quot;uuid&quot;: &quot;ed5a359a-81d8-878d-0472-00000000005a&quot;
        },
        &quot;loop_with&quot;: null,
        &quot;module_defaults&quot;: [],
        &quot;name&quot;: &quot;Check all mandatory variables are defined&quot;,
        &quot;no_log&quot;: null,
        &quot;notify&quot;: null,
        &quot;poll&quot;: 15,
        &quot;port&quot;: null,
        &quot;register&quot;: null,
        &quot;remote_user&quot;: null,
        &quot;retries&quot;: 3,
        &quot;run_once&quot;: null,
        &quot;squashed&quot;: true,
        &quot;tags&quot;: [],
        &quot;throttle&quot;: 0,
        &quot;timeout&quot;: 0,
        &quot;until&quot;: [],
        &quot;uuid&quot;: &quot;ed5a359a-81d8-878d-0472-000000000028&quot;,
        &quot;vars&quot;: {},
        &quot;when&quot;: []
    }
}

TASK [oaps.oaps_prim_manage_tws_job : Exit because assertion error] ************
ok: [zowe_simul]

TASK [oaps.oaps_prim_manage_tws_job : Other error] *****************************
skipping: [zowe_simul]

TASK [Set results for verify] **************************************************
ok: [zowe_simul -&gt; localhost]

PLAY RECAP *********************************************************************
zowe_simul                 : ok=6    changed=0    unreachable=0    failed=0    skipped=1    rescued=1    ignored=0

INFO     Running undefined_zowe_chdir_var &gt; verify
INFO     Running Ansible Verifier

PLAY [Verify] ******************************************************************

TASK [Define expected results] *************************************************
ok: [localhost]

TASK [Analyse results] *********************************************************
ok: [localhost] =&gt; {
    &quot;changed&quot;: false,
    &quot;msg&quot;: &quot;op_exec_rc : 400 - op_short_msg : Le rôle oaps_prim_manage_tws_job ne peut pas être lancé. Echec du test : zowe_chdir_var is defined&quot;
}

PLAY RECAP *********************************************************************
localhost                  : ok=2    changed=0    unreachable=0    failed=0    skipped=0    rescued=0    ignored=0

INFO     Verifier completed successfully.
<br/></div></td></tr></tbody>
      <tbody class="passed results-table-row">
        <tr>
          <td class="col-result">Passed</td>
          <td class="col-name">molecule/undefined_zowe_cmd_TWS_manage_var/molecule.yml::test</td>
          <td class="col-duration">3.82</td>
          <td class="col-links"></td></tr>
        <tr>
          <td class="extra" colspan="4">
            <div class="log"> ------------------------------Captured stdout call------------------------------ <br/>running: /home/eric/ansible/venv/bin/python3 -m molecule test -s undefined_zowe_cmd_TWS_manage_var (from /home/eric/dev/oaps/oaps_prim_manage_tws_job)
INFO     undefined_zowe_cmd_TWS_manage_var scenario test matrix: create, converge, verify
INFO     Performing prerun with role_name_check=0...
INFO     Set ANSIBLE_LIBRARY=/home/eric/.cache/ansible-compat/c353fd/modules:/home/eric/.ansible/plugins/modules:/usr/share/ansible/plugins/modules
INFO     Set ANSIBLE_COLLECTIONS_PATH=/home/eric/.cache/ansible-compat/c353fd/collections:/home/eric/.ansible/collections:/usr/share/ansible/collections
INFO     Set ANSIBLE_ROLES_PATH=/home/eric/.cache/ansible-compat/c353fd/roles:/home/eric/.ansible/roles:/usr/share/ansible/roles:/etc/ansible/roles
INFO     Using /home/eric/.cache/ansible-compat/c353fd/roles/oaps.oaps_prim_manage_tws_job symlink to current repository in order to enable Ansible to find the role using its expected full name.
INFO     Running undefined_zowe_cmd_TWS_manage_var &gt; create
WARNING  Skipping, instances already created.
INFO     Running undefined_zowe_cmd_TWS_manage_var &gt; converge

PLAY [Converge] ****************************************************************

TASK [Include oaps.oaps_prim_manage_tws_job] ***********************************

TASK [oaps.oaps_prim_manage_tws_job : Init values] *****************************
ok: [zowe_simul]

TASK [oaps.oaps_prim_manage_tws_job : Check all mandatory variables are defined] ***
fatal: [zowe_simul]: FAILED! =&gt; {
    &quot;assertion&quot;: &quot;zowe_cmd_TWS_manage_var is defined&quot;,
    &quot;changed&quot;: false,
    &quot;evaluated_to&quot;: false,
    &quot;msg&quot;: &quot;Assertion failed&quot;
}

TASK [oaps.oaps_prim_manage_tws_job : Display ansible_failed_result] ***********
ok: [zowe_simul] =&gt; {
    &quot;ansible_failed_result&quot;: {
        &quot;assertion&quot;: &quot;zowe_cmd_TWS_manage_var is defined&quot;,
        &quot;changed&quot;: false,
        &quot;evaluated_to&quot;: false,
        &quot;failed&quot;: true,
        &quot;msg&quot;: &quot;Assertion failed&quot;
    }
}

TASK [oaps.oaps_prim_manage_tws_job : Display ansible_failed_task] *************
ok: [zowe_simul] =&gt; {
    &quot;ansible_failed_task&quot;: {
        &quot;action&quot;: &quot;ansible.builtin.assert&quot;,
        &quot;any_errors_fatal&quot;: false,
        &quot;args&quot;: {
            &quot;that&quot;: [
                &quot;zowe_cmd_TWS_manage_var is defined&quot;,
                &quot;zowe_chdir_var is defined&quot;,
                &quot;tws_manage_caisse is defined&quot;,
                &quot;tws_manage_adid is defined&quot;,
                &quot;tws_manage_opc is defined&quot;,
                &quot;tws_manage_iat is defined&quot;,
                &quot;tws_manage_status is defined and ( tws_manage_status == &#x27;RESTART&#x27; or tws_manage_status == &#x27;COMPLETE&#x27; )&quot;,
                &quot;tws_manage_opno is defined&quot;
            ]
        },
        &quot;async&quot;: 0,
        &quot;async_val&quot;: 0,
        &quot;become&quot;: false,
        &quot;become_exe&quot;: null,
        &quot;become_flags&quot;: null,
        &quot;become_method&quot;: &quot;sudo&quot;,
        &quot;become_user&quot;: null,
        &quot;changed_when&quot;: [],
        &quot;check_mode&quot;: false,
        &quot;collections&quot;: [],
        &quot;connection&quot;: &quot;ssh&quot;,
        &quot;debugger&quot;: null,
        &quot;delay&quot;: 5,
        &quot;delegate_facts&quot;: null,
        &quot;delegate_to&quot;: null,
        &quot;diff&quot;: false,
        &quot;environment&quot;: [
            {}
        ],
        &quot;failed_when&quot;: [],
        &quot;finalized&quot;: true,
        &quot;ignore_errors&quot;: null,
        &quot;ignore_unreachable&quot;: null,
        &quot;loop&quot;: null,
        &quot;loop_control&quot;: {
            &quot;extended&quot;: null,
            &quot;extended_allitems&quot;: true,
            &quot;finalized&quot;: true,
            &quot;index_var&quot;: null,
            &quot;label&quot;: null,
            &quot;loop_var&quot;: &quot;item&quot;,
            &quot;pause&quot;: 0.0,
            &quot;squashed&quot;: false,
            &quot;uuid&quot;: &quot;ed5a359a-81d8-cf03-d915-000000000052&quot;
        },
        &quot;loop_with&quot;: null,
        &quot;module_defaults&quot;: [],
        &quot;name&quot;: &quot;Check all mandatory variables are defined&quot;,
        &quot;no_log&quot;: null,
        &quot;notify&quot;: null,
        &quot;poll&quot;: 15,
        &quot;port&quot;: null,
        &quot;register&quot;: null,
        &quot;remote_user&quot;: null,
        &quot;retries&quot;: 3,
        &quot;run_once&quot;: null,
        &quot;squashed&quot;: true,
        &quot;tags&quot;: [],
        &quot;throttle&quot;: 0,
        &quot;timeout&quot;: 0,
        &quot;until&quot;: [],
        &quot;uuid&quot;: &quot;ed5a359a-81d8-cf03-d915-000000000022&quot;,
        &quot;vars&quot;: {},
        &quot;when&quot;: []
    }
}

TASK [oaps.oaps_prim_manage_tws_job : Exit because assertion error] ************
ok: [zowe_simul]

TASK [oaps.oaps_prim_manage_tws_job : Other error] *****************************
skipping: [zowe_simul]

TASK [Set results for verify] **************************************************
ok: [zowe_simul -&gt; localhost]

PLAY RECAP *********************************************************************
zowe_simul                 : ok=5    changed=0    unreachable=0    failed=0    skipped=1    rescued=1    ignored=0

INFO     Running undefined_zowe_cmd_TWS_manage_var &gt; verify
INFO     Running Ansible Verifier

PLAY [Verify] ******************************************************************

TASK [Define expected results] *************************************************
ok: [localhost]

TASK [Analyse results] *********************************************************
ok: [localhost] =&gt; {
    &quot;changed&quot;: false,
    &quot;msg&quot;: &quot;op_exec_rc : 400 - op_short_msg : Le rôle oaps_prim_manage_tws_job ne peut pas être lancé. Echec du test : zowe_cmd_TWS_manage_var is defined&quot;
}

PLAY RECAP *********************************************************************
localhost                  : ok=2    changed=0    unreachable=0    failed=0    skipped=0    rescued=0    ignored=0

INFO     Verifier completed successfully.
<br/></div></td></tr></tbody></table></body></html>